TN:
SF:src\NewsPodcastBot.ts
FN:18,(anonymous_0)
FN:30,(anonymous_1)
FNF:2
FNH:0
FNDA:0,(anonymous_0)
FNDA:0,(anonymous_1)
DA:2,0
DA:4,0
DA:5,0
DA:8,0
DA:11,0
DA:18,0
DA:19,0
DA:21,0
DA:22,0
DA:24,0
DA:27,0
DA:31,0
DA:32,0
DA:35,0
DA:39,0
DA:40,0
DA:42,0
DA:43,0
LF:18
LH:0
BRF:0
BRH:0
end_of_record
TN:
SF:src\application\services\AdminService.ts
FN:21,(anonymous_0)
FN:32,(anonymous_1)
FN:36,(anonymous_2)
FN:51,(anonymous_3)
FN:55,(anonymous_4)
FN:59,(anonymous_5)
FN:63,(anonymous_6)
FN:66,(anonymous_7)
FN:87,(anonymous_8)
FN:91,(anonymous_9)
FN:95,(anonymous_10)
FN:99,(anonymous_11)
FN:103,(anonymous_12)
FN:109,(anonymous_13)
FN:122,(anonymous_14)
FN:123,(anonymous_15)
FN:124,(anonymous_16)
FN:138,(anonymous_17)
FN:140,(anonymous_18)
FN:157,(anonymous_19)
FN:171,(anonymous_20)
FN:193,(anonymous_21)
FN:206,(anonymous_22)
FN:209,(anonymous_23)
FN:210,(anonymous_24)
FN:211,(anonymous_25)
FN:212,(anonymous_26)
FN:223,(anonymous_27)
FN:227,(anonymous_28)
FN:233,(anonymous_29)
FN:237,(anonymous_30)
FN:243,(anonymous_31)
FN:246,(anonymous_32)
FN:259,(anonymous_33)
FN:267,(anonymous_34)
FN:270,(anonymous_35)
FNF:36
FNH:0
FNDA:0,(anonymous_0)
FNDA:0,(anonymous_1)
FNDA:0,(anonymous_2)
FNDA:0,(anonymous_3)
FNDA:0,(anonymous_4)
FNDA:0,(anonymous_5)
FNDA:0,(anonymous_6)
FNDA:0,(anonymous_7)
FNDA:0,(anonymous_8)
FNDA:0,(anonymous_9)
FNDA:0,(anonymous_10)
FNDA:0,(anonymous_11)
FNDA:0,(anonymous_12)
FNDA:0,(anonymous_13)
FNDA:0,(anonymous_14)
FNDA:0,(anonymous_15)
FNDA:0,(anonymous_16)
FNDA:0,(anonymous_17)
FNDA:0,(anonymous_18)
FNDA:0,(anonymous_19)
FNDA:0,(anonymous_20)
FNDA:0,(anonymous_21)
FNDA:0,(anonymous_22)
FNDA:0,(anonymous_23)
FNDA:0,(anonymous_24)
FNDA:0,(anonymous_25)
FNDA:0,(anonymous_26)
FNDA:0,(anonymous_27)
FNDA:0,(anonymous_28)
FNDA:0,(anonymous_29)
FNDA:0,(anonymous_30)
FNDA:0,(anonymous_31)
FNDA:0,(anonymous_32)
FNDA:0,(anonymous_33)
FNDA:0,(anonymous_34)
FNDA:0,(anonymous_35)
DA:2,0
DA:10,0
DA:20,0
DA:22,0
DA:23,0
DA:24,0
DA:25,0
DA:26,0
DA:27,0
DA:33,0
DA:37,0
DA:38,0
DA:40,0
DA:41,0
DA:42,0
DA:48,0
DA:52,0
DA:56,0
DA:60,0
DA:65,0
DA:66,0
DA:69,0
DA:71,0
DA:72,0
DA:78,0
DA:88,0
DA:92,0
DA:96,0
DA:100,0
DA:104,0
DA:110,0
DA:111,0
DA:113,0
DA:114,0
DA:115,0
DA:116,0
DA:118,0
DA:119,0
DA:120,0
DA:122,0
DA:123,0
DA:124,0
DA:126,0
DA:139,0
DA:140,0
DA:141,0
DA:143,0
DA:149,0
DA:154,0
DA:155,0
DA:157,0
DA:159,0
DA:164,0
DA:166,0
DA:167,0
DA:170,0
DA:171,0
DA:172,0
DA:175,0
DA:182,0
DA:183,0
DA:184,0
DA:186,0
DA:191,0
DA:193,0
DA:199,0
DA:207,0
DA:209,0
DA:210,0
DA:211,0
DA:212,0
DA:214,0
DA:224,0
DA:229,0
DA:232,0
DA:234,0
DA:235,0
DA:237,0
DA:240,0
DA:245,0
DA:246,0
DA:247,0
DA:249,0
DA:252,0
DA:256,0
DA:259,0
DA:267,0
DA:271,0
DA:272,0
DA:273,0
DA:279,0
DA:281,0
DA:286,0
DA:287,0
LF:94
LH:0
BRDA:71,0,0,0
BRDA:149,1,0,0
BRDA:149,1,1,0
BRDA:164,2,0,0
BRDA:164,2,1,0
BRDA:164,3,0,0
BRDA:164,3,1,0
BRDA:182,4,0,0
BRDA:183,5,0,0
BRDA:183,5,1,0
BRDA:234,6,0,0
BRDA:234,6,1,0
BRDA:247,7,0,0
BRDA:247,7,1,0
BRDA:247,8,0,0
BRDA:247,8,1,0
BRDA:249,9,0,0
BRDA:249,9,1,0
BRDA:252,10,0,0
BRDA:252,10,1,0
BRDA:262,11,0,0
BRDA:262,11,1,0
BRDA:272,12,0,0
BRF:23
BRH:0
end_of_record
TN:
SF:src\application\services\AdvertisementService.ts
FN:25,(anonymous_0)
FN:34,(anonymous_1)
FN:52,(anonymous_2)
FN:57,(anonymous_3)
FN:58,(anonymous_4)
FN:59,(anonymous_5)
FN:63,(anonymous_6)
FN:67,(anonymous_7)
FN:71,(anonymous_8)
FN:75,(anonymous_9)
FN:79,(anonymous_10)
FN:83,(anonymous_11)
FN:94,(anonymous_12)
FN:120,(anonymous_13)
FN:132,(anonymous_14)
FN:145,(anonymous_15)
FN:175,(anonymous_16)
FN:259,(anonymous_17)
FN:263,(anonymous_18)
FN:267,(anonymous_19)
FN:267,(anonymous_20)
FN:272,(anonymous_21)
FN:277,(anonymous_22)
FNF:23
FNH:0
FNDA:0,(anonymous_0)
FNDA:0,(anonymous_1)
FNDA:0,(anonymous_2)
FNDA:0,(anonymous_3)
FNDA:0,(anonymous_4)
FNDA:0,(anonymous_5)
FNDA:0,(anonymous_6)
FNDA:0,(anonymous_7)
FNDA:0,(anonymous_8)
FNDA:0,(anonymous_9)
FNDA:0,(anonymous_10)
FNDA:0,(anonymous_11)
FNDA:0,(anonymous_12)
FNDA:0,(anonymous_13)
FNDA:0,(anonymous_14)
FNDA:0,(anonymous_15)
FNDA:0,(anonymous_16)
FNDA:0,(anonymous_17)
FNDA:0,(anonymous_18)
FNDA:0,(anonymous_19)
FNDA:0,(anonymous_20)
FNDA:0,(anonymous_21)
FNDA:0,(anonymous_22)
DA:1,0
DA:24,0
DA:26,0
DA:27,0
DA:28,0
DA:29,0
DA:30,0
DA:31,0
DA:44,0
DA:46,0
DA:53,0
DA:55,0
DA:57,0
DA:58,0
DA:59,0
DA:64,0
DA:68,0
DA:72,0
DA:76,0
DA:80,0
DA:84,0
DA:85,0
DA:86,0
DA:88,0
DA:89,0
DA:90,0
DA:93,0
DA:94,0
DA:95,0
DA:96,0
DA:99,0
DA:100,0
DA:101,0
DA:102,0
DA:105,0
DA:106,0
DA:107,0
DA:108,0
DA:111,0
DA:112,0
DA:115,0
DA:116,0
DA:121,0
DA:122,0
DA:124,0
DA:127,0
DA:130,0
DA:131,0
DA:132,0
DA:133,0
DA:136,0
DA:137,0
DA:140,0
DA:141,0
DA:152,0
DA:153,0
DA:154,0
DA:156,0
DA:164,0
DA:165,0
DA:176,0
DA:177,0
DA:178,0
DA:179,0
DA:183,0
DA:188,0
DA:191,0
DA:192,0
DA:193,0
DA:195,0
DA:196,0
DA:197,0
DA:199,0
DA:207,0
DA:208,0
DA:210,0
DA:211,0
DA:215,0
DA:217,0
DA:218,0
DA:220,0
DA:221,0
DA:225,0
DA:226,0
DA:231,0
DA:242,0
DA:248,0
DA:252,0
DA:260,0
DA:262,0
DA:263,0
DA:266,0
DA:267,0
DA:270,0
DA:271,0
DA:272,0
DA:275,0
DA:276,0
DA:277,0
DA:280,0
LF:100
LH:0
BRDA:44,0,0,0
BRDA:44,0,1,0
BRDA:86,1,0,0
BRDA:86,1,1,0
BRDA:86,1,2,0
BRDA:86,1,3,0
BRDA:86,1,4,0
BRDA:99,2,0,0
BRDA:105,3,0,0
BRDA:122,4,0,0
BRDA:122,4,1,0
BRDA:122,4,2,0
BRDA:122,4,3,0
BRDA:122,4,4,0
BRDA:130,5,0,0
BRDA:133,6,0,0
BRDA:133,6,1,0
BRDA:136,7,0,0
BRDA:178,8,0,0
BRDA:197,9,0,0
BRDA:197,9,1,0
BRDA:197,10,0,0
BRDA:197,10,1,0
BRDA:207,11,0,0
BRDA:207,11,1,0
BRDA:211,12,0,0
BRDA:211,12,1,0
BRDA:217,13,0,0
BRDA:217,13,1,0
BRDA:221,14,0,0
BRDA:221,14,1,0
BRDA:226,15,0,0
BRDA:226,15,1,0
BRDA:260,16,0,0
BRDA:260,16,1,0
BRDA:260,16,2,0
BRDA:260,16,3,0
BRDA:260,16,4,0
BRDA:270,17,0,0
BRDA:275,18,0,0
BRF:40
BRH:0
end_of_record
TN:
SF:src\application\services\MessageTemplateService.ts
FN:6,(anonymous_0)
FN:23,(anonymous_1)
FN:24,(anonymous_2)
FN:35,(anonymous_3)
FN:43,(anonymous_4)
FN:64,(anonymous_5)
FNF:6
FNH:6
FNDA:1,(anonymous_0)
FNDA:1,(anonymous_1)
FNDA:2,(anonymous_2)
FNDA:1,(anonymous_3)
FNDA:5,(anonymous_4)
FNDA:1,(anonymous_5)
DA:4,1
DA:7,1
DA:9,1
DA:16,1
DA:24,2
DA:25,1
DA:27,1
DA:32,1
DA:36,1
DA:44,5
DA:45,4
DA:49,1
DA:50,1
DA:56,1
DA:57,0
DA:60,1
DA:65,1
LF:17
LH:16
BRDA:25,0,0,0
BRDA:25,0,1,1
BRDA:43,1,0,0
BRDA:44,2,0,4
BRDA:56,3,0,0
BRF:5
BRH:2
end_of_record
TN:
SF:src\application\services\NewsFinderService.ts
FN:20,(anonymous_0)
FN:32,(anonymous_1)
FN:36,(anonymous_2)
FN:40,(anonymous_3)
FN:62,(anonymous_4)
FN:91,(anonymous_5)
FN:92,(anonymous_6)
FN:95,(anonymous_7)
FN:98,(anonymous_8)
FN:99,(anonymous_9)
FN:110,(anonymous_10)
FN:127,(anonymous_11)
FN:167,(anonymous_12)
FN:171,(anonymous_13)
FN:175,(anonymous_14)
FN:179,(anonymous_15)
FN:188,(anonymous_16)
FN:192,(anonymous_17)
FN:196,(anonymous_18)
FN:198,(anonymous_19)
FN:199,(anonymous_20)
FNF:21
FNH:20
FNDA:23,(anonymous_0)
FNDA:1,(anonymous_1)
FNDA:5,(anonymous_2)
FNDA:3,(anonymous_3)
FNDA:4,(anonymous_4)
FNDA:4,(anonymous_5)
FNDA:4,(anonymous_6)
FNDA:2,(anonymous_7)
FNDA:2,(anonymous_8)
FNDA:3,(anonymous_9)
FNDA:3,(anonymous_10)
FNDA:1,(anonymous_11)
FNDA:1,(anonymous_12)
FNDA:1,(anonymous_13)
FNDA:2,(anonymous_14)
FNDA:0,(anonymous_15)
FNDA:1,(anonymous_16)
FNDA:1,(anonymous_17)
FNDA:1,(anonymous_18)
FNDA:2,(anonymous_19)
FNDA:1,(anonymous_20)
DA:8,1
DA:11,1
DA:13,1
DA:25,23
DA:26,23
DA:27,23
DA:28,23
DA:29,23
DA:33,1
DA:37,5
DA:41,3
DA:42,3
DA:44,3
DA:46,2
DA:47,1
DA:48,1
DA:51,1
DA:52,1
DA:55,1
DA:57,1
DA:58,1
DA:63,4
DA:64,4
DA:65,4
DA:66,1
DA:67,1
DA:70,3
DA:71,1
DA:72,1
DA:75,2
DA:77,2
DA:78,1
DA:79,1
DA:82,1
DA:84,1
DA:87,0
DA:92,4
DA:96,2
DA:97,2
DA:98,1
DA:99,2
DA:100,3
DA:105,1
DA:106,1
DA:111,3
DA:112,3
DA:113,1
DA:116,2
DA:117,1
DA:120,1
DA:121,1
DA:122,1
DA:124,1
DA:128,1
DA:129,1
DA:130,1
DA:131,1
DA:133,1
DA:135,1
DA:139,0
DA:140,0
DA:144,0
DA:145,0
DA:146,0
DA:147,0
DA:150,0
DA:155,0
DA:159,0
DA:162,0
DA:168,1
DA:172,1
DA:176,2
DA:180,0
DA:181,0
DA:182,0
DA:183,0
DA:184,0
DA:189,1
DA:193,1
DA:197,1
DA:198,2
DA:199,1
LF:82
LH:66
BRDA:46,0,0,1
BRDA:65,1,0,1
BRDA:70,2,0,1
BRDA:77,3,0,1
BRDA:92,4,0,4
BRDA:92,4,1,1
BRDA:100,5,0,3
BRDA:100,5,1,2
BRDA:112,6,0,1
BRDA:116,7,0,1
BRDA:133,8,0,1
BRDA:133,8,1,0
BRDA:133,8,2,0
BRDA:133,8,3,0
BRDA:133,8,4,0
BRDA:133,8,5,0
BRDA:144,9,0,0
BRDA:144,9,1,0
BRDA:146,10,0,0
BRDA:146,10,1,0
BRDA:175,11,0,1
BRF:21
BRH:12
end_of_record
TN:
SF:src\application\services\NotificationService.ts
FN:17,(anonymous_0)
FN:29,(anonymous_1)
FN:33,(anonymous_2)
FN:55,(anonymous_3)
FN:68,(anonymous_4)
FN:103,(anonymous_5)
FN:126,(anonymous_6)
FN:149,(anonymous_7)
FN:162,(anonymous_8)
FN:185,(anonymous_9)
FN:196,(anonymous_10)
FN:222,(anonymous_11)
FN:244,(anonymous_12)
FN:288,(anonymous_13)
FNF:14
FNH:0
FNDA:0,(anonymous_0)
FNDA:0,(anonymous_1)
FNDA:0,(anonymous_2)
FNDA:0,(anonymous_3)
FNDA:0,(anonymous_4)
FNDA:0,(anonymous_5)
FNDA:0,(anonymous_6)
FNDA:0,(anonymous_7)
FNDA:0,(anonymous_8)
FNDA:0,(anonymous_9)
FNDA:0,(anonymous_10)
FNDA:0,(anonymous_11)
FNDA:0,(anonymous_12)
FNDA:0,(anonymous_13)
DA:6,0
DA:10,0
DA:23,0
DA:24,0
DA:25,0
DA:26,0
DA:30,0
DA:38,0
DA:40,0
DA:42,0
DA:43,0
DA:44,0
DA:48,0
DA:49,0
DA:52,0
DA:55,0
DA:56,0
DA:59,0
DA:60,0
DA:72,0
DA:73,0
DA:76,0
DA:79,0
DA:84,0
DA:85,0
DA:88,0
DA:91,0
DA:92,0
DA:96,0
DA:97,0
DA:101,0
DA:103,0
DA:104,0
DA:105,0
DA:106,0
DA:110,0
DA:112,0
DA:119,0
DA:131,0
DA:132,0
DA:133,0
DA:135,0
DA:137,0
DA:138,0
DA:139,0
DA:141,0
DA:142,0
DA:144,0
DA:145,0
DA:149,0
DA:152,0
DA:153,0
DA:154,0
DA:158,0
DA:159,0
DA:167,0
DA:168,0
DA:169,0
DA:171,0
DA:173,0
DA:174,0
DA:175,0
DA:177,0
DA:178,0
DA:180,0
DA:181,0
DA:185,0
DA:188,0
DA:189,0
DA:193,0
DA:200,0
DA:201,0
DA:206,0
DA:210,0
DA:211,0
DA:215,0
DA:216,0
DA:220,0
DA:222,0
DA:223,0
DA:224,0
DA:228,0
DA:230,0
DA:237,0
DA:248,0
DA:249,0
DA:255,0
DA:256,0
DA:257,0
DA:263,0
DA:264,0
DA:269,0
DA:272,0
DA:276,0
DA:277,0
DA:281,0
DA:282,0
DA:286,0
DA:288,0
DA:289,0
DA:290,0
DA:291,0
DA:296,0
DA:301,0
DA:303,0
DA:310,0
LF:106
LH:0
BRDA:42,0,0,0
BRDA:49,1,0,0
BRDA:49,1,1,0
BRDA:91,2,0,0
BRDA:91,2,1,0
BRDA:96,3,0,0
BRDA:96,3,1,0
BRDA:101,4,0,0
BRDA:121,5,0,0
BRDA:121,5,1,0
BRDA:141,6,0,0
BRDA:141,6,1,0
BRDA:177,7,0,0
BRDA:177,7,1,0
BRDA:196,8,0,0
BRDA:210,9,0,0
BRDA:210,9,1,0
BRDA:215,10,0,0
BRDA:215,10,1,0
BRDA:220,11,0,0
BRDA:239,12,0,0
BRDA:239,12,1,0
BRDA:244,13,0,0
BRDA:255,14,0,0
BRDA:263,15,0,0
BRDA:263,15,1,0
BRDA:276,16,0,0
BRDA:276,16,1,0
BRDA:281,17,0,0
BRDA:281,17,1,0
BRDA:286,18,0,0
BRDA:290,19,0,0
BRDA:290,19,1,0
BRDA:312,20,0,0
BRDA:312,20,1,0
BRF:35
BRH:0
end_of_record
TN:
SF:src\application\services\PodcastService.ts
FN:25,(anonymous_10)
FN:39,(anonymous_11)
FN:43,(anonymous_12)
FN:61,(anonymous_13)
FN:90,(anonymous_14)
FN:91,(anonymous_15)
FN:109,(anonymous_16)
FN:110,(anonymous_17)
FN:121,(anonymous_18)
FN:126,(anonymous_19)
FN:141,(anonymous_20)
FN:145,(anonymous_21)
FN:153,(anonymous_22)
FN:156,(anonymous_23)
FN:158,(anonymous_24)
FN:164,(anonymous_25)
FN:174,(anonymous_26)
FN:180,(anonymous_27)
FN:193,(anonymous_28)
FN:201,(anonymous_29)
FN:214,(anonymous_30)
FN:222,(anonymous_31)
FN:238,(anonymous_32)
FN:239,(anonymous_33)
FN:243,(anonymous_34)
FN:249,(anonymous_35)
FN:255,(anonymous_36)
FN:260,(anonymous_37)
FN:270,(anonymous_38)
FN:272,(anonymous_39)
FN:353,(anonymous_40)
FN:359,(anonymous_41)
FN:360,(anonymous_42)
FN:368,(anonymous_43)
FNF:34
FNH:0
FNDA:0,(anonymous_10)
FNDA:0,(anonymous_11)
FNDA:0,(anonymous_12)
FNDA:0,(anonymous_13)
FNDA:0,(anonymous_14)
FNDA:0,(anonymous_15)
FNDA:0,(anonymous_16)
FNDA:0,(anonymous_17)
FNDA:0,(anonymous_18)
FNDA:0,(anonymous_19)
FNDA:0,(anonymous_20)
FNDA:0,(anonymous_21)
FNDA:0,(anonymous_22)
FNDA:0,(anonymous_23)
FNDA:0,(anonymous_24)
FNDA:0,(anonymous_25)
FNDA:0,(anonymous_26)
FNDA:0,(anonymous_27)
FNDA:0,(anonymous_28)
FNDA:0,(anonymous_29)
FNDA:0,(anonymous_30)
FNDA:0,(anonymous_31)
FNDA:0,(anonymous_32)
FNDA:0,(anonymous_33)
FNDA:0,(anonymous_34)
FNDA:0,(anonymous_35)
FNDA:0,(anonymous_36)
FNDA:0,(anonymous_37)
FNDA:0,(anonymous_38)
FNDA:0,(anonymous_39)
FNDA:0,(anonymous_40)
FNDA:0,(anonymous_41)
FNDA:0,(anonymous_42)
FNDA:0,(anonymous_43)
DA:1,0
DA:10,0
DA:11,0
DA:12,0
DA:15,0
DA:17,0
DA:32,0
DA:33,0
DA:34,0
DA:35,0
DA:36,0
DA:40,0
DA:44,0
DA:45,0
DA:47,0
DA:48,0
DA:49,0
DA:52,0
DA:54,0
DA:55,0
DA:56,0
DA:59,0
DA:61,0
DA:64,0
DA:68,0
DA:70,0
DA:71,0
DA:73,0
DA:75,0
DA:77,0
DA:79,0
DA:81,0
DA:87,0
DA:88,0
DA:90,0
DA:91,0
DA:93,0
DA:95,0
DA:98,0
DA:101,0
DA:102,0
DA:104,0
DA:105,0
DA:110,0
DA:112,0
DA:113,0
DA:114,0
DA:115,0
DA:118,0
DA:120,0
DA:121,0
DA:122,0
DA:123,0
DA:125,0
DA:127,0
DA:128,0
DA:132,0
DA:142,0
DA:143,0
DA:146,0
DA:147,0
DA:154,0
DA:156,0
DA:158,0
DA:160,0
DA:161,0
DA:163,0
DA:164,0
DA:167,0
DA:168,0
DA:170,0
DA:173,0
DA:175,0
DA:176,0
DA:178,0
DA:180,0
DA:184,0
DA:186,0
DA:188,0
DA:189,0
DA:194,0
DA:195,0
DA:199,0
DA:201,0
DA:202,0
DA:203,0
DA:204,0
DA:206,0
DA:209,0
DA:210,0
DA:211,0
DA:213,0
DA:214,0
DA:215,0
DA:216,0
DA:218,0
DA:222,0
DA:223,0
DA:224,0
DA:227,0
DA:228,0
DA:231,0
DA:232,0
DA:236,0
DA:237,0
DA:238,0
DA:239,0
DA:243,0
DA:244,0
DA:248,0
DA:249,0
DA:252,0
DA:256,0
DA:258,0
DA:260,0
DA:261,0
DA:262,0
DA:263,0
DA:265,0
DA:269,0
DA:271,0
DA:272,0
DA:274,0
DA:278,0
DA:279,0
DA:281,0
DA:345,0
DA:346,0
DA:348,0
DA:349,0
DA:355,0
DA:356,0
DA:359,0
DA:360,0
DA:361,0
DA:362,0
DA:364,0
DA:368,0
DA:369,0
DA:376,0
DA:379,0
DA:381,0
DA:382,0
LF:143
LH:0
BRDA:47,0,0,0
BRDA:54,1,0,0
BRDA:87,2,0,0
BRDA:87,2,1,0
BRDA:91,3,0,0
BRDA:91,3,1,0
BRDA:112,4,0,0
BRDA:112,5,0,0
BRDA:112,5,1,0
BRDA:160,6,0,0
BRDA:160,7,0,0
BRDA:160,7,1,0
BRDA:160,7,2,0
BRDA:175,8,0,0
BRDA:175,8,1,0
BRDA:194,9,0,0
BRDA:202,10,0,0
BRDA:202,10,1,0
BRDA:203,11,0,0
BRDA:215,12,0,0
BRDA:215,13,0,0
BRDA:215,13,1,0
BRDA:215,13,2,0
BRDA:223,14,0,0
BRDA:223,14,1,0
BRDA:227,15,0,0
BRDA:236,16,0,0
BRDA:261,17,0,0
BRDA:261,17,1,0
BRDA:262,18,0,0
BRDA:278,19,0,0
BRDA:278,19,1,0
BRDA:361,20,0,0
BRDA:361,21,0,0
BRDA:361,21,1,0
BRDA:362,22,0,0
BRDA:362,22,1,0
BRF:37
BRH:0
end_of_record
TN:
SF:src\application\services\SchedulingService.ts
FN:13,(anonymous_0)
FN:25,(anonymous_1)
FN:29,(anonymous_2)
FNF:3
FNH:3
FNDA:10,(anonymous_0)
FNDA:2,(anonymous_1)
FNDA:2,(anonymous_2)
DA:7,1
DA:19,10
DA:20,10
DA:21,10
DA:22,10
DA:26,2
DA:30,2
LF:7
LH:7
BRF:0
BRH:0
end_of_record
TN:
SF:src\application\services\SubscriptionService.ts
FN:9,(anonymous_0)
FN:13,(anonymous_1)
FN:24,(anonymous_2)
FN:34,(anonymous_3)
FNF:4
FNH:4
FNDA:6,(anonymous_0)
FNDA:2,(anonymous_1)
FNDA:2,(anonymous_2)
FNDA:2,(anonymous_3)
DA:6,1
DA:10,6
DA:14,2
DA:16,2
DA:17,1
DA:18,1
DA:20,1
DA:25,2
DA:27,2
DA:28,1
DA:30,1
DA:35,2
LF:12
LH:12
BRDA:16,0,0,1
BRDA:16,0,1,1
BRDA:27,1,0,1
BRDA:27,1,1,1
BRF:4
BRH:4
end_of_record
TN:
SF:src\application\services\UserService.ts
FN:8,(anonymous_0)
FN:12,(anonymous_1)
FN:33,(anonymous_2)
FN:37,(anonymous_3)
FNF:4
FNH:4
FNDA:8,(anonymous_0)
FNDA:4,(anonymous_1)
FNDA:2,(anonymous_2)
FNDA:2,(anonymous_3)
DA:1,1
DA:5,1
DA:9,8
DA:14,4
DA:15,2
DA:17,2
DA:19,2
DA:20,1
DA:27,1
DA:30,2
DA:34,2
DA:38,2
LF:12
LH:12
BRDA:14,0,0,2
BRDA:19,1,0,1
BRF:2
BRH:2
end_of_record
TN:
SF:src\application\services\UserSettingsService.ts
FN:6,(anonymous_0)
FN:20,(anonymous_1)
FN:33,(anonymous_2)
FN:42,(anonymous_3)
FN:52,(anonymous_4)
FNF:5
FNH:4
FNDA:2,(anonymous_0)
FNDA:2,(anonymous_1)
FNDA:1,(anonymous_2)
FNDA:2,(anonymous_3)
FNDA:0,(anonymous_4)
DA:2,1
DA:4,1
DA:7,2
DA:9,2
DA:12,2
DA:13,1
DA:17,1
DA:21,2
DA:23,2
DA:29,2
DA:30,2
DA:34,1
DA:35,1
DA:43,2
DA:45,2
DA:53,0
DA:55,0
DA:56,0
LF:18
LH:15
BRDA:12,0,0,1
BRF:1
BRH:1
end_of_record
TN:
SF:src\application\services\index.ts
FN:1,(anonymous_0)
FN:2,(anonymous_1)
FN:3,(anonymous_2)
FN:4,(anonymous_3)
FN:5,(anonymous_4)
FN:6,(anonymous_5)
FNF:6
FNH:0
FNDA:0,(anonymous_0)
FNDA:0,(anonymous_1)
FNDA:0,(anonymous_2)
FNDA:0,(anonymous_3)
FNDA:0,(anonymous_4)
FNDA:0,(anonymous_5)
DA:1,0
DA:2,0
DA:3,0
DA:4,0
DA:5,0
DA:6,0
LF:6
LH:0
BRF:0
BRH:0
end_of_record
TN:
SF:src\config\ConfigService.ts
FN:7,(anonymous_0)
FN:18,(anonymous_1)
FNF:2
FNH:0
FNDA:0,(anonymous_0)
FNDA:0,(anonymous_1)
DA:2,0
DA:4,0
DA:8,0
DA:9,0
DA:10,0
DA:12,0
DA:13,0
DA:15,0
DA:19,0
DA:20,0
DA:21,0
DA:23,0
LF:12
LH:0
BRDA:9,0,0,0
BRDA:12,1,0,0
BRDA:20,2,0,0
BRF:3
BRH:0
end_of_record
TN:
SF:src\config\MongoDbService.ts
FN:9,(anonymous_1)
FN:11,(anonymous_2)
FN:27,(anonymous_3)
FN:32,(anonymous_4)
FNF:4
FNH:0
FNDA:0,(anonymous_1)
FNDA:0,(anonymous_2)
FNDA:0,(anonymous_3)
FNDA:0,(anonymous_4)
DA:1,0
DA:3,0
DA:5,0
DA:9,0
DA:12,0
DA:14,0
DA:17,0
DA:18,0
DA:19,0
DA:20,0
DA:23,0
DA:24,0
DA:28,0
DA:29,0
DA:33,0
DA:36,0
DA:37,0
DA:40,0
DA:41,0
DA:42,0
DA:43,0
LF:21
LH:0
BRDA:12,0,0,0
BRDA:28,1,0,0
BRDA:33,2,0,0
BRF:3
BRH:0
end_of_record
TN:
SF:src\config\QueueService.ts
FN:8,(anonymous_0)
FN:17,(anonymous_1)
FN:44,(anonymous_2)
FN:54,(anonymous_3)
FN:70,(anonymous_4)
FN:86,(anonymous_5)
FN:102,(anonymous_6)
FN:111,(anonymous_7)
FN:116,(anonymous_8)
FN:121,(anonymous_9)
FN:122,(anonymous_10)
FNF:11
FNH:0
FNDA:0,(anonymous_0)
FNDA:0,(anonymous_1)
FNDA:0,(anonymous_2)
FNDA:0,(anonymous_3)
FNDA:0,(anonymous_4)
FNDA:0,(anonymous_5)
FNDA:0,(anonymous_6)
FNDA:0,(anonymous_7)
FNDA:0,(anonymous_8)
FNDA:0,(anonymous_9)
FNDA:0,(anonymous_10)
DA:1,0
DA:4,0
DA:5,0
DA:8,0
DA:9,0
DA:18,0
DA:19,0
DA:38,0
DA:41,0
DA:50,0
DA:51,0
DA:60,0
DA:61,0
DA:63,0
DA:64,0
DA:67,0
DA:77,0
DA:78,0
DA:93,0
DA:94,0
DA:103,0
DA:104,0
DA:106,0
DA:107,0
DA:112,0
DA:113,0
DA:117,0
DA:118,0
DA:122,0
DA:123,0
DA:125,0
DA:126,0
LF:32
LH:0
BRDA:18,0,0,0
BRDA:63,1,0,0
BRDA:106,2,0,0
BRF:3
BRH:0
end_of_record
TN:
SF:src\config\index.ts
FN:1,(anonymous_0)
FN:4,(anonymous_1)
FN:5,(anonymous_2)
FNF:3
FNH:0
FNDA:0,(anonymous_0)
FNDA:0,(anonymous_1)
FNDA:0,(anonymous_2)
DA:1,0
DA:4,0
DA:5,0
LF:3
LH:0
BRF:0
BRH:0
end_of_record
TN:
SF:src\infrastructure\clients\FileStorageClient.ts
FN:8,(anonymous_9)
FN:10,(anonymous_10)
FN:13,(anonymous_11)
FN:17,(anonymous_12)
FN:23,(anonymous_13)
FN:28,(anonymous_14)
FNF:6
FNH:6
FNDA:10,(anonymous_9)
FNDA:1,(anonymous_10)
FNDA:10,(anonymous_11)
FNDA:2,(anonymous_12)
FNDA:2,(anonymous_13)
FNDA:3,(anonymous_14)
DA:2,1
DA:3,1
DA:5,1
DA:9,10
DA:10,10
DA:14,10
DA:18,2
DA:19,2
DA:20,1
DA:24,2
DA:25,2
DA:29,3
DA:30,3
DA:31,3
DA:33,2
DA:34,1
LF:16
LH:16
BRDA:8,0,0,9
BRDA:33,1,0,1
BRF:2
BRH:2
end_of_record
TN:
SF:src\infrastructure\clients\GeminiClient.ts
FN:9,(anonymous_0)
FN:18,(anonymous_1)
FN:55,(anonymous_2)
FNF:3
FNH:3
FNDA:9,(anonymous_0)
FNDA:4,(anonymous_1)
FNDA:3,(anonymous_2)
DA:1,1
DA:4,1
DA:10,9
DA:11,1
DA:13,8
DA:14,8
DA:15,8
DA:19,4
DA:20,4
DA:39,4
DA:44,3
DA:45,1
DA:47,2
DA:48,2
DA:50,2
DA:51,2
DA:56,3
DA:84,3
DA:95,3
DA:101,3
DA:103,3
DA:104,3
DA:105,2
DA:106,2
DA:107,2
DA:111,3
DA:112,2
DA:115,1
LF:28
LH:28
BRDA:10,0,0,1
BRDA:44,1,0,1
BRDA:44,2,0,3
BRDA:44,2,1,3
BRDA:44,2,2,3
BRDA:44,2,3,2
BRDA:44,2,4,2
BRDA:104,3,0,2
BRDA:106,4,0,2
BRDA:106,4,1,0
BRDA:111,5,0,2
BRF:11
BRH:10
end_of_record
TN:
SF:src\infrastructure\clients\index.ts
FN:5,(anonymous_0)
FN:6,(anonymous_1)
FNF:2
FNH:0
FNDA:0,(anonymous_0)
FNDA:0,(anonymous_1)
DA:5,0
DA:6,0
LF:2
LH:0
BRF:0
BRH:0
end_of_record
TN:
SF:src\infrastructure\managers\QueueManager.ts
FN:27,(anonymous_0)
FN:46,(anonymous_1)
FN:99,(anonymous_2)
FN:130,(anonymous_3)
FN:155,(anonymous_4)
FN:180,(anonymous_5)
FN:196,(anonymous_6)
FN:205,(anonymous_7)
FN:217,(anonymous_8)
FN:229,(anonymous_9)
FN:241,(anonymous_10)
FN:250,(anonymous_11)
FN:262,(anonymous_12)
FN:268,(anonymous_13)
FN:272,(anonymous_14)
FN:276,(anonymous_15)
FN:280,(anonymous_16)
FN:284,(anonymous_17)
FN:285,(anonymous_18)
FN:289,(anonymous_19)
FN:290,(anonymous_20)
FN:294,(anonymous_21)
FN:297,(anonymous_22)
FNF:23
FNH:0
FNDA:0,(anonymous_0)
FNDA:0,(anonymous_1)
FNDA:0,(anonymous_2)
FNDA:0,(anonymous_3)
FNDA:0,(anonymous_4)
FNDA:0,(anonymous_5)
FNDA:0,(anonymous_6)
FNDA:0,(anonymous_7)
FNDA:0,(anonymous_8)
FNDA:0,(anonymous_9)
FNDA:0,(anonymous_10)
FNDA:0,(anonymous_11)
FNDA:0,(anonymous_12)
FNDA:0,(anonymous_13)
FNDA:0,(anonymous_14)
FNDA:0,(anonymous_15)
FNDA:0,(anonymous_16)
FNDA:0,(anonymous_17)
FNDA:0,(anonymous_18)
FNDA:0,(anonymous_19)
FNDA:0,(anonymous_20)
FNDA:0,(anonymous_21)
FNDA:0,(anonymous_22)
DA:3,0
DA:4,0
DA:12,0
DA:13,0
DA:16,0
DA:17,0
DA:18,0
DA:36,0
DA:37,0
DA:38,0
DA:39,0
DA:40,0
DA:41,0
DA:42,0
DA:43,0
DA:47,0
DA:48,0
DA:49,0
DA:52,0
DA:53,0
DA:55,0
DA:56,0
DA:63,0
DA:65,0
DA:66,0
DA:69,0
DA:70,0
DA:72,0
DA:73,0
DA:74,0
DA:77,0
DA:78,0
DA:80,0
DA:81,0
DA:82,0
DA:86,0
DA:87,0
DA:89,0
DA:90,0
DA:91,0
DA:94,0
DA:95,0
DA:100,0
DA:102,0
DA:104,0
DA:105,0
DA:106,0
DA:110,0
DA:113,0
DA:114,0
DA:115,0
DA:116,0
DA:118,0
DA:122,0
DA:123,0
DA:124,0
DA:126,0
DA:131,0
DA:133,0
DA:135,0
DA:137,0
DA:139,0
DA:140,0
DA:141,0
DA:143,0
DA:148,0
DA:150,0
DA:151,0
DA:157,0
DA:158,0
DA:160,0
DA:161,0
DA:162,0
DA:163,0
DA:168,0
DA:169,0
DA:171,0
DA:172,0
DA:173,0
DA:174,0
DA:181,0
DA:183,0
DA:185,0
DA:187,0
DA:189,0
DA:191,0
DA:197,0
DA:209,0
DA:221,0
DA:232,0
DA:242,0
DA:254,0
DA:263,0
DA:264,0
DA:269,0
DA:273,0
DA:277,0
DA:281,0
DA:285,0
DA:286,0
DA:290,0
DA:291,0
DA:295,0
DA:297,0
DA:299,0
DA:301,0
DA:302,0
LF:107
LH:0
BRDA:47,0,0,0
BRDA:104,1,0,0
BRDA:113,2,0,0
BRDA:113,2,1,0
BRDA:122,3,0,0
BRDA:122,3,1,0
BRDA:161,4,0,0
BRDA:172,5,0,0
BRDA:181,6,0,0
BRDA:181,6,1,0
BRDA:181,6,2,0
BRDA:181,6,3,0
BRDA:181,6,4,0
BRF:13
BRH:0
end_of_record
TN:
SF:src\infrastructure\middleware\AdminMiddleware.ts
FN:6,(anonymous_0)
FN:9,(anonymous_1)
FN:18,(anonymous_2)
FN:27,(anonymous_3)
FN:39,(anonymous_4)
FN:48,(anonymous_5)
FNF:6
FNH:0
FNDA:0,(anonymous_0)
FNDA:0,(anonymous_1)
FNDA:0,(anonymous_2)
FNDA:0,(anonymous_3)
FNDA:0,(anonymous_4)
FNDA:0,(anonymous_5)
DA:3,0
DA:5,0
DA:6,0
DA:10,0
DA:11,0
DA:13,0
DA:14,0
DA:19,0
DA:20,0
DA:22,0
DA:23,0
DA:28,0
DA:30,0
DA:31,0
DA:32,0
DA:35,0
DA:40,0
DA:41,0
DA:43,0
DA:44,0
DA:49,0
DA:51,0
DA:52,0
DA:53,0
DA:56,0
LF:25
LH:0
BRDA:11,0,0,0
BRDA:14,1,0,0
BRDA:14,1,1,0
BRDA:14,1,2,0
BRDA:20,2,0,0
BRDA:23,3,0,0
BRDA:23,3,1,0
BRDA:30,4,0,0
BRDA:41,5,0,0
BRDA:44,6,0,0
BRDA:44,6,1,0
BRDA:51,7,0,0
BRF:12
BRH:0
end_of_record
TN:
SF:src\infrastructure\middleware\index.ts
FN:1,(anonymous_0)
FNF:1
FNH:0
FNDA:0,(anonymous_0)
DA:1,0
LF:1
LH:0
BRF:0
BRH:0
end_of_record
TN:
SF:src\infrastructure\repositories\AdvertisementRepository.ts
FN:6,(anonymous_0)
FN:20,(anonymous_1)
FN:24,(anonymous_2)
FN:28,(anonymous_3)
FN:34,(anonymous_4)
FN:42,(anonymous_5)
FN:52,(anonymous_6)
FN:56,(anonymous_7)
FN:60,(anonymous_8)
FN:65,(anonymous_9)
FNF:10
FNH:0
FNDA:0,(anonymous_0)
FNDA:0,(anonymous_1)
FNDA:0,(anonymous_2)
FNDA:0,(anonymous_3)
FNDA:0,(anonymous_4)
FNDA:0,(anonymous_5)
FNDA:0,(anonymous_6)
FNDA:0,(anonymous_7)
FNDA:0,(anonymous_8)
FNDA:0,(anonymous_9)
DA:1,0
DA:5,0
DA:16,0
DA:17,0
DA:21,0
DA:25,0
DA:29,0
DA:35,0
DA:36,0
DA:43,0
DA:44,0
DA:45,0
DA:47,0
DA:48,0
DA:53,0
DA:57,0
DA:61,0
DA:62,0
DA:66,0
LF:19
LH:0
BRF:0
BRH:0
end_of_record
TN:
SF:src\infrastructure\repositories\ArticleRepository.ts
FN:6,(anonymous_0)
FN:11,(anonymous_1)
FN:15,(anonymous_2)
FN:22,(anonymous_3)
FN:26,(anonymous_4)
FN:30,(anonymous_5)
FN:34,(anonymous_6)
FN:39,(anonymous_7)
FN:41,(anonymous_8)
FN:44,(anonymous_9)
FN:55,(anonymous_10)
FN:64,(anonymous_11)
FN:68,(anonymous_12)
FN:78,(anonymous_13)
FN:102,(anonymous_14)
FNF:15
FNH:13
FNDA:1,(anonymous_0)
FNDA:2,(anonymous_1)
FNDA:1,(anonymous_2)
FNDA:1,(anonymous_3)
FNDA:1,(anonymous_4)
FNDA:1,(anonymous_5)
FNDA:2,(anonymous_6)
FNDA:2,(anonymous_7)
FNDA:4,(anonymous_8)
FNDA:4,(anonymous_9)
FNDA:1,(anonymous_10)
FNDA:1,(anonymous_11)
FNDA:0,(anonymous_12)
FNDA:0,(anonymous_13)
FNDA:2,(anonymous_14)
DA:1,1
DA:3,1
DA:5,1
DA:7,1
DA:8,1
DA:12,2
DA:16,1
DA:23,1
DA:27,1
DA:31,1
DA:35,2
DA:36,2
DA:40,2
DA:41,4
DA:44,2
DA:45,4
DA:48,2
DA:49,0
DA:52,2
DA:56,1
DA:65,1
DA:69,0
DA:74,0
DA:75,0
DA:78,0
DA:80,0
DA:84,0
DA:85,0
DA:88,0
DA:89,0
DA:90,0
DA:92,0
DA:96,0
DA:97,0
DA:103,2
DA:104,2
DA:106,2
DA:110,2
LF:38
LH:24
BRDA:45,0,0,4
BRDA:45,0,1,4
BRDA:48,1,0,0
BRDA:74,2,0,0
BRDA:84,3,0,0
BRDA:88,4,0,0
BRDA:89,5,0,0
BRDA:89,5,1,0
BRDA:102,6,0,1
BRDA:110,7,0,2
BRDA:110,7,1,0
BRF:11
BRH:4
end_of_record
TN:
SF:src\infrastructure\repositories\PodcastRepository.ts
FN:6,(anonymous_0)
FN:11,(anonymous_1)
FN:15,(anonymous_2)
FN:19,(anonymous_3)
FN:23,(anonymous_4)
FN:27,(anonymous_5)
FNF:6
FNH:6
FNDA:1,(anonymous_0)
FNDA:2,(anonymous_1)
FNDA:1,(anonymous_2)
FNDA:1,(anonymous_3)
FNDA:1,(anonymous_4)
FNDA:2,(anonymous_5)
DA:1,1
DA:5,1
DA:7,1
DA:8,1
DA:12,2
DA:16,1
DA:20,1
DA:24,1
DA:28,2
DA:29,2
LF:10
LH:10
BRF:0
BRH:0
end_of_record
TN:
SF:src\infrastructure\repositories\SubscriptionRepository.ts
FN:6,(anonymous_0)
FN:10,(anonymous_1)
FN:15,(anonymous_2)
FN:20,(anonymous_3)
FN:25,(anonymous_4)
FN:29,(anonymous_5)
FN:33,(anonymous_6)
FN:37,(anonymous_7)
FNF:8
FNH:8
FNDA:1,(anonymous_0)
FNDA:1,(anonymous_1)
FNDA:2,(anonymous_2)
FNDA:2,(anonymous_3)
FNDA:1,(anonymous_4)
FNDA:1,(anonymous_5)
FNDA:1,(anonymous_6)
FNDA:2,(anonymous_7)
DA:1,1
DA:3,1
DA:5,1
DA:7,1
DA:11,1
DA:12,1
DA:16,2
DA:17,2
DA:21,2
DA:22,2
DA:26,1
DA:30,1
DA:34,1
DA:38,2
LF:14
LH:14
BRF:0
BRH:0
end_of_record
TN:
SF:src\infrastructure\repositories\TopicRepository.ts
FN:5,(anonymous_0)
FN:9,(anonymous_1)
FN:13,(anonymous_2)
FN:23,(anonymous_3)
FN:27,(anonymous_4)
FN:32,(anonymous_5)
FN:36,(anonymous_6)
FNF:7
FNH:7
FNDA:1,(anonymous_0)
FNDA:1,(anonymous_1)
FNDA:2,(anonymous_2)
FNDA:1,(anonymous_3)
FNDA:2,(anonymous_4)
FNDA:4,(anonymous_5)
FNDA:1,(anonymous_6)
DA:1,1
DA:4,1
DA:6,1
DA:10,1
DA:14,2
DA:15,2
DA:16,1
DA:19,1
DA:20,1
DA:24,1
DA:28,2
DA:29,2
DA:33,4
DA:37,1
LF:14
LH:14
BRDA:15,0,0,1
BRF:1
BRH:1
end_of_record
TN:
SF:src\infrastructure\repositories\UserRepository.ts
FN:5,(anonymous_0)
FN:9,(anonymous_1)
FN:14,(anonymous_2)
FN:18,(anonymous_3)
FN:22,(anonymous_4)
FN:27,(anonymous_5)
FN:31,(anonymous_6)
FN:35,(anonymous_7)
FN:39,(anonymous_8)
FN:43,(anonymous_9)
FN:47,(anonymous_10)
FNF:11
FNH:11
FNDA:2,(anonymous_0)
FNDA:1,(anonymous_1)
FNDA:1,(anonymous_2)
FNDA:1,(anonymous_3)
FNDA:2,(anonymous_4)
FNDA:1,(anonymous_5)
FNDA:1,(anonymous_6)
FNDA:1,(anonymous_7)
FNDA:1,(anonymous_8)
FNDA:1,(anonymous_9)
FNDA:1,(anonymous_10)
DA:1,1
DA:4,1
DA:6,2
DA:10,1
DA:11,1
DA:15,1
DA:19,1
DA:23,2
DA:24,2
DA:28,1
DA:32,1
DA:36,1
DA:40,1
DA:44,1
DA:48,1
LF:15
LH:15
BRF:0
BRH:0
end_of_record
TN:
SF:src\infrastructure\repositories\index.ts
FN:1,(anonymous_0)
FN:3,(anonymous_1)
FN:5,(anonymous_2)
FN:7,(anonymous_3)
FN:9,(anonymous_4)
FNF:5
FNH:0
FNDA:0,(anonymous_0)
FNDA:0,(anonymous_1)
FNDA:0,(anonymous_2)
FNDA:0,(anonymous_3)
FNDA:0,(anonymous_4)
DA:1,0
DA:3,0
DA:5,0
DA:7,0
DA:9,0
LF:5
LH:0
BRF:0
BRH:0
end_of_record
TN:
SF:src\infrastructure\strategies\RssSource.ts
FN:10,(anonymous_0)
FN:15,(anonymous_1)
FN:30,(anonymous_2)
FN:31,(anonymous_3)
FN:44,(anonymous_4)
FN:48,(anonymous_5)
FN:52,(anonymous_6)
FNF:7
FNH:0
FNDA:0,(anonymous_0)
FNDA:0,(anonymous_1)
FNDA:0,(anonymous_2)
FNDA:0,(anonymous_3)
FNDA:0,(anonymous_4)
FNDA:0,(anonymous_5)
FNDA:0,(anonymous_6)
DA:6,1
DA:11,0
DA:12,0
DA:16,0
DA:17,0
DA:18,0
DA:19,0
DA:22,0
DA:23,0
DA:25,0
DA:26,0
DA:31,0
DA:32,0
DA:45,0
DA:49,0
DA:53,0
LF:16
LH:1
BRDA:10,0,0,0
BRDA:18,1,0,0
BRDA:34,2,0,0
BRDA:34,2,1,0
BRDA:37,3,0,0
BRDA:37,3,1,0
BRF:6
BRH:0
end_of_record
TN:
SF:src\infrastructure\strategies\index.ts
FN:2,(anonymous_0)
FNF:1
FNH:0
FNDA:0,(anonymous_0)
DA:2,0
LF:1
LH:0
BRF:0
BRH:0
end_of_record
TN:
SF:src\migrations\add-user-roles.ts
FN:8,migrateUserRoles
FN:18,(anonymous_1)
FN:24,(anonymous_2)
FN:24,(anonymous_3)
FN:83,(anonymous_4)
FN:84,(anonymous_5)
FNF:6
FNH:0
FNDA:0,migrateUserRoles
FNDA:0,(anonymous_1)
FNDA:0,(anonymous_2)
FNDA:0,(anonymous_3)
FNDA:0,(anonymous_4)
FNDA:0,(anonymous_5)
DA:1,0
DA:2,0
DA:9,0
DA:10,0
DA:14,0
DA:15,0
DA:18,0
DA:19,0
DA:20,0
DA:24,0
DA:26,0
DA:28,0
DA:29,0
DA:30,0
DA:32,0
DA:33,0
DA:36,0
DA:46,0
DA:49,0
DA:50,0
DA:55,0
DA:56,0
DA:60,0
DA:61,0
DA:66,0
DA:67,0
DA:70,0
DA:72,0
DA:73,0
DA:75,0
DA:76,0
DA:81,0
DA:82,0
DA:83,0
DA:85,0
DA:86,0
DA:90,0
LF:37
LH:0
BRDA:18,0,0,0
BRDA:18,0,1,0
BRDA:19,1,0,0
BRDA:24,2,0,0
BRDA:24,2,1,0
BRDA:49,3,0,0
BRDA:60,4,0,0
BRDA:81,5,0,0
BRF:8
BRH:0
end_of_record
TN:
SF:src\migrations\remove-telegram-id-index.ts
FN:4,removeTelegramIdIndex
FN:46,(anonymous_1)
FN:47,(anonymous_2)
FNF:3
FNH:0
FNDA:0,removeTelegramIdIndex
FNDA:0,(anonymous_1)
FNDA:0,(anonymous_2)
DA:1,0
DA:2,0
DA:5,0
DA:6,0
DA:8,0
DA:10,0
DA:11,0
DA:12,0
DA:14,0
DA:15,0
DA:18,0
DA:19,0
DA:22,0
DA:23,0
DA:24,0
DA:26,0
DA:30,0
DA:31,0
DA:33,0
DA:35,0
DA:36,0
DA:38,0
DA:39,0
DA:44,0
DA:45,0
DA:46,0
DA:48,0
DA:49,0
DA:53,0
LF:29
LH:0
BRDA:44,0,0,0
BRF:1
BRH:0
end_of_record
TN:
SF:src\models\Advertisement.ts
FN:4,(anonymous_0)
FN:12,(anonymous_1)
FN:117,(anonymous_2)
FNF:3
FNH:0
FNDA:0,(anonymous_0)
FNDA:0,(anonymous_1)
FNDA:0,(anonymous_2)
DA:1,0
DA:4,0
DA:5,0
DA:6,0
DA:7,0
DA:8,0
DA:9,0
DA:12,0
DA:13,0
DA:14,0
DA:15,0
DA:16,0
DA:41,0
DA:114,0
DA:117,0
DA:118,0
DA:119,0
DA:121,0
DA:124,0
LF:19
LH:0
BRDA:4,0,0,0
BRDA:4,0,1,0
BRDA:12,1,0,0
BRDA:12,1,1,0
BRDA:118,2,0,0
BRDA:118,3,0,0
BRDA:118,3,1,0
BRF:7
BRH:0
end_of_record
TN:
SF:src\models\Article.ts
FNF:0
FNH:0
DA:1,3
DA:13,3
DA:50,3
LF:3
LH:3
BRF:0
BRH:0
end_of_record
TN:
SF:src\models\Podcast.ts
FN:3,(anonymous_0)
FNF:1
FNH:1
FNDA:3,(anonymous_0)
DA:1,3
DA:3,3
DA:4,3
DA:5,3
DA:6,3
DA:7,3
DA:18,3
DA:46,3
LF:8
LH:8
BRDA:3,0,0,3
BRDA:3,0,1,3
BRF:2
BRH:2
end_of_record
TN:
SF:src\models\Subscription.ts
FNF:0
FNH:0
DA:1,4
DA:10,4
DA:31,4
DA:32,4
DA:34,4
LF:5
LH:5
BRF:0
BRH:0
end_of_record
TN:
SF:src\models\Topic.ts
FNF:0
FNH:0
DA:1,3
DA:8,3
DA:21,3
LF:3
LH:3
BRF:0
BRH:0
end_of_record
TN:
SF:src\models\User.ts
FN:3,(anonymous_0)
FNF:1
FNH:1
FNDA:4,(anonymous_0)
DA:1,4
DA:3,4
DA:4,4
DA:5,4
DA:6,4
DA:17,4
DA:41,4
LF:7
LH:7
BRDA:3,0,0,4
BRDA:3,0,1,4
BRF:2
BRH:2
end_of_record
TN:
SF:src\models\UserSettings.ts
FN:3,(anonymous_9)
FNF:1
FNH:1
FNDA:3,(anonymous_9)
DA:1,3
DA:3,3
DA:4,3
DA:5,3
DA:6,3
DA:7,3
DA:8,3
DA:19,3
DA:31,3
LF:9
LH:9
BRDA:3,0,0,3
BRDA:3,0,1,3
BRF:2
BRH:2
end_of_record
TN:
SF:src\models\index.ts
FN:1,(anonymous_0)
FN:1,(anonymous_1)
FN:2,(anonymous_2)
FN:3,(anonymous_3)
FN:4,(anonymous_4)
FN:5,(anonymous_5)
FN:5,(anonymous_6)
FN:6,(anonymous_7)
FN:6,(anonymous_8)
FNF:9
FNH:2
FNDA:0,(anonymous_0)
FNDA:0,(anonymous_1)
FNDA:0,(anonymous_2)
FNDA:0,(anonymous_3)
FNDA:0,(anonymous_4)
FNDA:0,(anonymous_5)
FNDA:0,(anonymous_6)
FNDA:7,(anonymous_7)
FNDA:2,(anonymous_8)
DA:1,1
DA:2,1
DA:3,1
DA:4,1
DA:5,1
DA:6,8
LF:6
LH:6
BRF:0
BRH:0
end_of_record
TN:
SF:src\presentation\telegram\TelegramController.ts
FN:10,(anonymous_0)
FN:16,(anonymous_1)
FN:20,(anonymous_2)
FN:27,(anonymous_3)
FN:29,(anonymous_4)
FN:32,(anonymous_5)
FN:36,(anonymous_6)
FN:38,(anonymous_7)
FN:54,(anonymous_8)
FNF:9
FNH:0
FNDA:0,(anonymous_0)
FNDA:0,(anonymous_1)
FNDA:0,(anonymous_2)
FNDA:0,(anonymous_3)
FNDA:0,(anonymous_4)
FNDA:0,(anonymous_5)
FNDA:0,(anonymous_6)
FNDA:0,(anonymous_7)
FNDA:0,(anonymous_8)
DA:1,0
DA:7,0
DA:11,0
DA:12,0
DA:13,0
DA:15,0
DA:16,0
DA:21,0
DA:23,0
DA:24,0
DA:28,0
DA:29,0
DA:31,0
DA:32,0
DA:38,0
DA:39,0
DA:40,0
DA:42,0
DA:50,0
DA:54,0
DA:56,0
DA:57,0
DA:58,0
DA:60,0
DA:68,0
LF:25
LH:0
BRDA:13,0,0,0
BRDA:56,1,0,0
BRDA:56,2,0,0
BRDA:56,2,1,0
BRF:4
BRH:0
end_of_record
TN:
SF:src\presentation\telegram\TelegramUI.ts
FN:4,(anonymous_0)
FN:12,(anonymous_1)
FN:19,(anonymous_2)
FN:23,(anonymous_3)
FN:27,(anonymous_4)
FNF:5
FNH:0
FNDA:0,(anonymous_0)
FNDA:0,(anonymous_1)
FNDA:0,(anonymous_2)
FNDA:0,(anonymous_3)
FNDA:0,(anonymous_4)
DA:1,0
DA:3,0
DA:5,0
DA:13,0
DA:20,0
DA:24,0
DA:28,0
LF:7
LH:0
BRDA:20,0,0,0
BRDA:20,0,1,0
BRF:2
BRH:0
end_of_record
TN:
SF:src\presentation\telegram\scenes\AdminAdvertisementScene.ts
FN:23,(anonymous_0)
FN:31,(anonymous_1)
FN:35,(anonymous_2)
FN:39,(anonymous_3)
FN:44,(anonymous_4)
FN:45,(anonymous_5)
FN:57,(anonymous_6)
FN:67,(anonymous_7)
FN:76,(anonymous_8)
FN:86,(anonymous_9)
FN:105,(anonymous_10)
FN:116,(anonymous_11)
FN:158,(anonymous_12)
FN:193,(anonymous_13)
FN:203,(anonymous_14)
FN:212,(anonymous_15)
FN:223,(anonymous_16)
FN:262,(anonymous_17)
FN:295,(anonymous_18)
FN:305,(anonymous_19)
FN:316,(anonymous_20)
FN:334,(anonymous_21)
FN:343,(anonymous_22)
FN:363,(anonymous_23)
FN:383,(anonymous_24)
FN:401,(anonymous_25)
FN:421,(anonymous_26)
FN:444,(anonymous_27)
FN:457,(anonymous_28)
FN:472,(anonymous_29)
FN:502,(anonymous_30)
FN:540,(anonymous_31)
FN:555,(anonymous_32)
FN:574,(anonymous_33)
FN:585,(anonymous_34)
FN:610,(anonymous_35)
FN:672,(anonymous_36)
FN:711,(anonymous_37)
FN:738,(anonymous_38)
FN:755,(anonymous_39)
FN:802,(anonymous_40)
FN:805,(anonymous_41)
FN:845,(anonymous_42)
FNF:43
FNH:0
FNDA:0,(anonymous_0)
FNDA:0,(anonymous_1)
FNDA:0,(anonymous_2)
FNDA:0,(anonymous_3)
FNDA:0,(anonymous_4)
FNDA:0,(anonymous_5)
FNDA:0,(anonymous_6)
FNDA:0,(anonymous_7)
FNDA:0,(anonymous_8)
FNDA:0,(anonymous_9)
FNDA:0,(anonymous_10)
FNDA:0,(anonymous_11)
FNDA:0,(anonymous_12)
FNDA:0,(anonymous_13)
FNDA:0,(anonymous_14)
FNDA:0,(anonymous_15)
FNDA:0,(anonymous_16)
FNDA:0,(anonymous_17)
FNDA:0,(anonymous_18)
FNDA:0,(anonymous_19)
FNDA:0,(anonymous_20)
FNDA:0,(anonymous_21)
FNDA:0,(anonymous_22)
FNDA:0,(anonymous_23)
FNDA:0,(anonymous_24)
FNDA:0,(anonymous_25)
FNDA:0,(anonymous_26)
FNDA:0,(anonymous_27)
FNDA:0,(anonymous_28)
FNDA:0,(anonymous_29)
FNDA:0,(anonymous_30)
FNDA:0,(anonymous_31)
FNDA:0,(anonymous_32)
FNDA:0,(anonymous_33)
FNDA:0,(anonymous_34)
FNDA:0,(anonymous_35)
FNDA:0,(anonymous_36)
FNDA:0,(anonymous_37)
FNDA:0,(anonymous_38)
FNDA:0,(anonymous_39)
FNDA:0,(anonymous_40)
FNDA:0,(anonymous_41)
FNDA:0,(anonymous_42)
DA:2,0
DA:4,0
DA:7,0
DA:19,0
DA:21,0
DA:24,0
DA:25,0
DA:27,0
DA:28,0
DA:32,0
DA:36,0
DA:40,0
DA:41,0
DA:45,0
DA:47,0
DA:48,0
DA:49,0
DA:50,0
DA:53,0
DA:57,0
DA:58,0
DA:59,0
DA:60,0
DA:61,0
DA:63,0
DA:67,0
DA:68,0
DA:69,0
DA:70,0
DA:72,0
DA:76,0
DA:77,0
DA:78,0
DA:79,0
DA:81,0
DA:86,0
DA:87,0
DA:88,0
DA:89,0
DA:90,0
DA:92,0
DA:94,0
DA:95,0
DA:96,0
DA:98,0
DA:105,0
DA:106,0
DA:107,0
DA:108,0
DA:109,0
DA:111,0
DA:116,0
DA:117,0
DA:119,0
DA:120,0
DA:121,0
DA:122,0
DA:123,0
DA:126,0
DA:127,0
DA:128,0
DA:130,0
DA:131,0
DA:133,0
DA:134,0
DA:135,0
DA:138,0
DA:139,0
DA:142,0
DA:143,0
DA:145,0
DA:152,0
DA:153,0
DA:158,0
DA:159,0
DA:161,0
DA:162,0
DA:163,0
DA:165,0
DA:166,0
DA:167,0
DA:168,0
DA:169,0
DA:173,0
DA:174,0
DA:176,0
DA:177,0
DA:179,0
DA:193,0
DA:194,0
DA:195,0
DA:196,0
DA:197,0
DA:199,0
DA:203,0
DA:204,0
DA:205,0
DA:206,0
DA:208,0
DA:212,0
DA:213,0
DA:214,0
DA:215,0
DA:216,0
DA:218,0
DA:223,0
DA:224,0
DA:225,0
DA:226,0
DA:227,0
DA:229,0
DA:231,0
DA:232,0
DA:235,0
DA:238,0
DA:245,0
DA:246,0
DA:248,0
DA:255,0
DA:257,0
DA:262,0
DA:263,0
DA:264,0
DA:265,0
DA:266,0
DA:267,0
DA:270,0
DA:278,0
DA:279,0
DA:281,0
DA:288,0
DA:290,0
DA:295,0
DA:296,0
DA:297,0
DA:298,0
DA:299,0
DA:301,0
DA:305,0
DA:306,0
DA:307,0
DA:308,0
DA:309,0
DA:311,0
DA:316,0
DA:317,0
DA:318,0
DA:319,0
DA:320,0
DA:322,0
DA:323,0
DA:324,0
DA:326,0
DA:329,0
DA:334,0
DA:335,0
DA:336,0
DA:337,0
DA:339,0
DA:343,0
DA:344,0
DA:345,0
DA:347,0
DA:356,0
DA:358,0
DA:363,0
DA:364,0
DA:365,0
DA:367,0
DA:376,0
DA:378,0
DA:384,0
DA:385,0
DA:387,0
DA:388,0
DA:398,0
DA:401,0
DA:402,0
DA:405,0
DA:407,0
DA:416,0
DA:417,0
DA:422,0
DA:424,0
DA:445,0
DA:458,0
DA:473,0
DA:475,0
DA:476,0
DA:477,0
DA:480,0
DA:488,0
DA:491,0
DA:492,0
DA:493,0
DA:494,0
DA:496,0
DA:502,0
DA:507,0
DA:510,0
DA:512,0
DA:515,0
DA:519,0
DA:520,0
DA:521,0
DA:523,0
DA:526,0
DA:541,0
DA:542,0
DA:543,0
DA:544,0
DA:545,0
DA:546,0
DA:548,0
DA:549,0
DA:552,0
DA:556,0
DA:575,0
DA:586,0
DA:588,0
DA:590,0
DA:592,0
DA:594,0
DA:596,0
DA:597,0
DA:598,0
DA:599,0
DA:601,0
DA:602,0
DA:603,0
DA:604,0
DA:606,0
DA:611,0
DA:614,0
DA:616,0
DA:617,0
DA:619,0
DA:620,0
DA:622,0
DA:623,0
DA:625,0
DA:626,0
DA:627,0
DA:629,0
DA:630,0
DA:632,0
DA:633,0
DA:635,0
DA:636,0
DA:638,0
DA:639,0
DA:641,0
DA:642,0
DA:644,0
DA:645,0
DA:646,0
DA:648,0
DA:649,0
DA:651,0
DA:652,0
DA:654,0
DA:655,0
DA:656,0
DA:657,0
DA:658,0
DA:659,0
DA:660,0
DA:661,0
DA:662,0
DA:663,0
DA:666,0
DA:669,0
DA:673,0
DA:675,0
DA:676,0
DA:677,0
DA:680,0
DA:689,0
DA:690,0
DA:692,0
DA:693,0
DA:694,0
DA:695,0
DA:697,0
DA:698,0
DA:700,0
DA:703,0
DA:705,0
DA:711,0
DA:716,0
DA:719,0
DA:721,0
DA:724,0
DA:727,0
DA:739,0
DA:740,0
DA:741,0
DA:742,0
DA:743,0
DA:744,0
DA:746,0
DA:747,0
DA:749,0
DA:752,0
DA:756,0
DA:758,0
DA:759,0
DA:769,0
DA:771,0
DA:772,0
DA:773,0
DA:775,0
DA:778,0
DA:779,0
DA:782,0
DA:785,0
DA:794,0
DA:797,0
DA:798,0
DA:803,0
DA:804,0
DA:805,0
DA:807,0
DA:808,0
DA:818,0
DA:821,0
DA:823,0
DA:824,0
DA:825,0
DA:826,0
DA:829,0
DA:830,0
DA:833,0
DA:840,0
DA:841,0
DA:846,0
DA:848,0
LF:337
LH:0
BRDA:36,0,0,0
BRDA:36,0,1,0
BRDA:48,1,0,0
BRDA:94,2,0,0
BRDA:119,3,0,0
BRDA:119,3,1,0
BRDA:121,4,0,0
BRDA:128,5,0,0
BRDA:128,5,1,0
BRDA:133,6,0,0
BRDA:133,7,0,0
BRDA:133,7,1,0
BRDA:161,8,0,0
BRDA:165,9,0,0
BRDA:165,9,1,0
BRDA:166,10,0,0
BRDA:229,11,0,0
BRDA:239,12,0,0
BRDA:239,12,1,0
BRDA:271,13,0,0
BRDA:271,13,1,0
BRDA:322,14,0,0
BRDA:322,14,1,0
BRDA:387,15,0,0
BRDA:475,16,0,0
BRDA:491,17,0,0
BRDA:491,17,1,0
BRDA:491,18,0,0
BRDA:491,18,1,0
BRDA:494,19,0,0
BRDA:494,19,1,0
BRDA:505,20,0,0
BRDA:505,20,1,0
BRDA:520,21,0,0
BRDA:520,21,1,0
BRDA:548,22,0,0
BRDA:548,23,0,0
BRDA:548,23,1,0
BRDA:588,24,0,0
BRDA:588,24,1,0
BRDA:588,24,2,0
BRDA:588,24,3,0
BRDA:588,24,4,0
BRDA:588,24,5,0
BRDA:614,25,0,0
BRDA:614,25,1,0
BRDA:617,26,0,0
BRDA:623,27,0,0
BRDA:630,28,0,0
BRDA:636,29,0,0
BRDA:636,29,1,0
BRDA:639,30,0,0
BRDA:649,31,0,0
BRDA:654,32,0,0
BRDA:654,32,1,0
BRDA:659,33,0,0
BRDA:675,34,0,0
BRDA:675,35,0,0
BRDA:675,35,1,0
BRDA:689,36,0,0
BRDA:689,36,1,0
BRDA:689,37,0,0
BRDA:689,37,1,0
BRDA:697,38,0,0
BRDA:697,38,1,0
BRDA:703,39,0,0
BRDA:703,39,1,0
BRDA:714,40,0,0
BRDA:714,40,1,0
BRDA:746,41,0,0
BRDA:746,41,1,0
BRDA:771,42,0,0
BRDA:771,42,1,0
BRDA:807,43,0,0
BRDA:829,44,0,0
BRDA:855,45,0,0
BRDA:855,45,1,0
BRF:77
BRH:0
end_of_record
TN:
SF:src\presentation\telegram\scenes\AdminBroadcastScene.ts
FN:20,(anonymous_0)
FN:30,(anonymous_1)
FN:34,(anonymous_2)
FN:44,(anonymous_3)
FN:45,(anonymous_4)
FN:74,(anonymous_5)
FN:92,(anonymous_6)
FN:108,(anonymous_7)
FN:124,(anonymous_8)
FN:133,(anonymous_9)
FN:141,(anonymous_10)
FN:153,(anonymous_11)
FN:162,(anonymous_12)
FN:172,(anonymous_13)
FN:181,(anonymous_14)
FN:186,(anonymous_15)
FN:207,(anonymous_16)
FN:211,(anonymous_17)
FN:213,(anonymous_18)
FN:233,(anonymous_19)
FN:258,(anonymous_20)
FN:275,(anonymous_21)
FN:276,(anonymous_22)
FN:310,(anonymous_23)
FN:325,(anonymous_24)
FN:328,(anonymous_25)
FN:328,(anonymous_26)
FN:335,(anonymous_27)
FN:335,(anonymous_28)
FN:336,(anonymous_29)
FN:348,(anonymous_30)
FN:359,(anonymous_31)
FN:381,(anonymous_32)
FN:396,(anonymous_33)
FN:403,(anonymous_34)
FNF:35
FNH:0
FNDA:0,(anonymous_0)
FNDA:0,(anonymous_1)
FNDA:0,(anonymous_2)
FNDA:0,(anonymous_3)
FNDA:0,(anonymous_4)
FNDA:0,(anonymous_5)
FNDA:0,(anonymous_6)
FNDA:0,(anonymous_7)
FNDA:0,(anonymous_8)
FNDA:0,(anonymous_9)
FNDA:0,(anonymous_10)
FNDA:0,(anonymous_11)
FNDA:0,(anonymous_12)
FNDA:0,(anonymous_13)
FNDA:0,(anonymous_14)
FNDA:0,(anonymous_15)
FNDA:0,(anonymous_16)
FNDA:0,(anonymous_17)
FNDA:0,(anonymous_18)
FNDA:0,(anonymous_19)
FNDA:0,(anonymous_20)
FNDA:0,(anonymous_21)
FNDA:0,(anonymous_22)
FNDA:0,(anonymous_23)
FNDA:0,(anonymous_24)
FNDA:0,(anonymous_25)
FNDA:0,(anonymous_26)
FNDA:0,(anonymous_27)
FNDA:0,(anonymous_28)
FNDA:0,(anonymous_29)
FNDA:0,(anonymous_30)
FNDA:0,(anonymous_31)
FNDA:0,(anonymous_32)
FNDA:0,(anonymous_33)
FNDA:0,(anonymous_34)
DA:2,0
DA:4,0
DA:16,0
DA:18,0
DA:21,0
DA:22,0
DA:23,0
DA:24,0
DA:26,0
DA:27,0
DA:31,0
DA:35,0
DA:36,0
DA:38,0
DA:39,0
DA:41,0
DA:45,0
DA:46,0
DA:47,0
DA:48,0
DA:49,0
DA:52,0
DA:53,0
DA:54,0
DA:55,0
DA:57,0
DA:74,0
DA:75,0
DA:76,0
DA:77,0
DA:78,0
DA:80,0
DA:82,0
DA:83,0
DA:84,0
DA:86,0
DA:92,0
DA:93,0
DA:94,0
DA:95,0
DA:96,0
DA:98,0
DA:104,0
DA:108,0
DA:109,0
DA:110,0
DA:111,0
DA:112,0
DA:114,0
DA:120,0
DA:124,0
DA:125,0
DA:126,0
DA:127,0
DA:129,0
DA:133,0
DA:134,0
DA:135,0
DA:136,0
DA:137,0
DA:138,0
DA:139,0
DA:141,0
DA:143,0
DA:149,0
DA:153,0
DA:154,0
DA:155,0
DA:156,0
DA:158,0
DA:162,0
DA:163,0
DA:164,0
DA:165,0
DA:166,0
DA:168,0
DA:172,0
DA:173,0
DA:174,0
DA:175,0
DA:177,0
DA:181,0
DA:182,0
DA:186,0
DA:187,0
DA:188,0
DA:190,0
DA:191,0
DA:194,0
DA:197,0
DA:198,0
DA:200,0
DA:201,0
DA:202,0
DA:203,0
DA:204,0
DA:205,0
DA:206,0
DA:207,0
DA:208,0
DA:209,0
DA:211,0
DA:212,0
DA:213,0
DA:214,0
DA:215,0
DA:218,0
DA:227,0
DA:233,0
DA:235,0
DA:238,0
DA:252,0
DA:253,0
DA:259,0
DA:260,0
DA:262,0
DA:263,0
DA:271,0
DA:274,0
DA:275,0
DA:276,0
DA:283,0
DA:284,0
DA:292,0
DA:295,0
DA:297,0
DA:305,0
DA:306,0
DA:311,0
DA:313,0
DA:314,0
DA:315,0
DA:318,0
DA:320,0
DA:321,0
DA:323,0
DA:324,0
DA:325,0
DA:326,0
DA:327,0
DA:328,0
DA:329,0
DA:331,0
DA:334,0
DA:335,0
DA:336,0
DA:339,0
DA:340,0
DA:342,0
DA:343,0
DA:344,0
DA:350,0
DA:352,0
DA:354,0
DA:355,0
DA:359,0
DA:362,0
DA:370,0
DA:371,0
DA:372,0
DA:374,0
DA:376,0
DA:377,0
DA:382,0
DA:383,0
DA:385,0
DA:395,0
DA:396,0
DA:398,0
DA:399,0
DA:400,0
DA:403,0
DA:404,0
DA:406,0
DA:414,0
DA:416,0
DA:417,0
LF:177
LH:0
BRDA:35,0,0,0
BRDA:38,1,0,0
BRDA:47,2,0,0
BRDA:82,3,0,0
BRDA:190,4,0,0
BRDA:201,5,0,0
BRDA:201,5,1,0
BRDA:205,6,0,0
BRDA:205,6,1,0
BRDA:209,7,0,0
BRDA:209,8,0,0
BRDA:209,8,1,0
BRDA:214,9,0,0
BRDA:214,9,1,0
BRDA:215,10,0,0
BRDA:215,10,1,0
BRDA:215,10,2,0
BRDA:262,11,0,0
BRDA:275,12,0,0
BRDA:275,12,1,0
BRDA:283,13,0,0
BRDA:313,14,0,0
BRDA:323,15,0,0
BRDA:323,15,1,0
BRDA:326,16,0,0
BRDA:326,16,1,0
BRDA:329,17,0,0
BRDA:329,18,0,0
BRDA:329,18,1,0
BRDA:398,19,0,0
BRF:30
BRH:0
end_of_record
TN:
SF:src\presentation\telegram\scenes\AdminMenuScene.ts
FN:12,(anonymous_0)
FN:20,(anonymous_1)
FN:24,(anonymous_2)
FN:25,(anonymous_3)
FN:52,(anonymous_4)
FN:70,(anonymous_5)
FN:79,(anonymous_6)
FN:88,(anonymous_7)
FN:97,(anonymous_8)
FN:106,(anonymous_9)
FN:115,(anonymous_10)
FN:135,(anonymous_11)
FNF:12
FNH:0
FNDA:0,(anonymous_0)
FNDA:0,(anonymous_1)
FNDA:0,(anonymous_2)
FNDA:0,(anonymous_3)
FNDA:0,(anonymous_4)
FNDA:0,(anonymous_5)
FNDA:0,(anonymous_6)
FNDA:0,(anonymous_7)
FNDA:0,(anonymous_8)
FNDA:0,(anonymous_9)
FNDA:0,(anonymous_10)
FNDA:0,(anonymous_11)
DA:2,0
DA:4,0
DA:8,0
DA:10,0
DA:13,0
DA:14,0
DA:16,0
DA:17,0
DA:21,0
DA:25,0
DA:27,0
DA:28,0
DA:29,0
DA:30,0
DA:33,0
DA:52,0
DA:53,0
DA:54,0
DA:55,0
DA:56,0
DA:58,0
DA:60,0
DA:61,0
DA:62,0
DA:64,0
DA:70,0
DA:71,0
DA:72,0
DA:73,0
DA:75,0
DA:79,0
DA:80,0
DA:81,0
DA:82,0
DA:84,0
DA:88,0
DA:89,0
DA:90,0
DA:91,0
DA:93,0
DA:97,0
DA:98,0
DA:99,0
DA:100,0
DA:102,0
DA:106,0
DA:107,0
DA:108,0
DA:109,0
DA:111,0
DA:115,0
DA:116,0
DA:117,0
DA:119,0
DA:121,0
DA:122,0
DA:124,0
DA:128,0
DA:130,0
DA:131,0
DA:135,0
DA:136,0
DA:137,0
DA:138,0
DA:140,0
LF:65
LH:0
BRDA:28,0,0,0
BRDA:60,1,0,0
BRDA:121,2,0,0
BRDA:121,2,1,0
BRF:4
BRH:0
end_of_record
TN:
SF:src\presentation\telegram\scenes\AdminStatisticsScene.ts
FN:12,(anonymous_0)
FN:20,(anonymous_1)
FN:24,(anonymous_2)
FN:25,(anonymous_3)
FN:49,(anonymous_4)
FN:67,(anonymous_5)
FN:96,(anonymous_6)
FN:109,(anonymous_7)
FN:110,(anonymous_8)
FN:129,(anonymous_9)
FN:156,(anonymous_10)
FN:193,(anonymous_11)
FN:202,(anonymous_12)
FNF:13
FNH:0
FNDA:0,(anonymous_0)
FNDA:0,(anonymous_1)
FNDA:0,(anonymous_2)
FNDA:0,(anonymous_3)
FNDA:0,(anonymous_4)
FNDA:0,(anonymous_5)
FNDA:0,(anonymous_6)
FNDA:0,(anonymous_7)
FNDA:0,(anonymous_8)
FNDA:0,(anonymous_9)
FNDA:0,(anonymous_10)
FNDA:0,(anonymous_11)
FNDA:0,(anonymous_12)
DA:2,0
DA:4,0
DA:8,0
DA:10,0
DA:13,0
DA:14,0
DA:16,0
DA:17,0
DA:21,0
DA:25,0
DA:26,0
DA:27,0
DA:28,0
DA:29,0
DA:32,0
DA:49,0
DA:50,0
DA:51,0
DA:52,0
DA:53,0
DA:55,0
DA:57,0
DA:58,0
DA:59,0
DA:61,0
DA:67,0
DA:68,0
DA:69,0
DA:70,0
DA:73,0
DA:84,0
DA:91,0
DA:92,0
DA:96,0
DA:97,0
DA:98,0
DA:99,0
DA:102,0
DA:106,0
DA:107,0
DA:108,0
DA:109,0
DA:111,0
DA:114,0
DA:117,0
DA:124,0
DA:125,0
DA:129,0
DA:130,0
DA:131,0
DA:132,0
DA:135,0
DA:144,0
DA:151,0
DA:152,0
DA:156,0
DA:157,0
DA:158,0
DA:160,0
DA:167,0
DA:181,0
DA:188,0
DA:189,0
DA:193,0
DA:194,0
DA:195,0
DA:196,0
DA:198,0
DA:202,0
DA:203,0
DA:204,0
DA:205,0
DA:207,0
LF:73
LH:0
BRDA:27,0,0,0
BRDA:57,1,0,0
BRDA:106,2,0,0
BRDA:106,2,1,0
BRDA:142,3,0,0
BRDA:142,3,1,0
BRF:6
BRH:0
end_of_record
TN:
SF:src\presentation\telegram\scenes\AdminTopicsScene.ts
FN:20,(anonymous_0)
FN:30,(anonymous_1)
FN:34,(anonymous_2)
FN:44,(anonymous_3)
FN:45,(anonymous_4)
FN:62,(anonymous_5)
FN:80,(anonymous_6)
FN:97,(anonymous_7)
FN:122,(anonymous_8)
FN:140,(anonymous_9)
FN:158,(anonymous_10)
FN:179,(anonymous_11)
FN:186,(anonymous_12)
FN:224,(anonymous_13)
FN:245,(anonymous_14)
FN:254,(anonymous_15)
FN:264,(anonymous_16)
FN:319,(anonymous_17)
FN:340,(anonymous_18)
FN:347,(anonymous_19)
FNF:20
FNH:0
FNDA:0,(anonymous_0)
FNDA:0,(anonymous_1)
FNDA:0,(anonymous_2)
FNDA:0,(anonymous_3)
FNDA:0,(anonymous_4)
FNDA:0,(anonymous_5)
FNDA:0,(anonymous_6)
FNDA:0,(anonymous_7)
FNDA:0,(anonymous_8)
FNDA:0,(anonymous_9)
FNDA:0,(anonymous_10)
FNDA:0,(anonymous_11)
FNDA:0,(anonymous_12)
FNDA:0,(anonymous_13)
FNDA:0,(anonymous_14)
FNDA:0,(anonymous_15)
FNDA:0,(anonymous_16)
FNDA:0,(anonymous_17)
FNDA:0,(anonymous_18)
FNDA:0,(anonymous_19)
DA:2,0
DA:4,0
DA:16,0
DA:18,0
DA:21,0
DA:22,0
DA:23,0
DA:24,0
DA:26,0
DA:27,0
DA:31,0
DA:35,0
DA:36,0
DA:38,0
DA:39,0
DA:41,0
DA:45,0
DA:46,0
DA:47,0
DA:48,0
DA:49,0
DA:52,0
DA:53,0
DA:54,0
DA:55,0
DA:56,0
DA:58,0
DA:62,0
DA:63,0
DA:64,0
DA:65,0
DA:66,0
DA:68,0
DA:70,0
DA:71,0
DA:72,0
DA:74,0
DA:80,0
DA:81,0
DA:82,0
DA:83,0
DA:84,0
DA:85,0
DA:87,0
DA:93,0
DA:97,0
DA:98,0
DA:99,0
DA:100,0
DA:101,0
DA:102,0
DA:103,0
DA:105,0
DA:118,0
DA:122,0
DA:123,0
DA:124,0
DA:125,0
DA:126,0
DA:127,0
DA:128,0
DA:129,0
DA:131,0
DA:136,0
DA:140,0
DA:141,0
DA:142,0
DA:143,0
DA:144,0
DA:145,0
DA:146,0
DA:147,0
DA:149,0
DA:154,0
DA:158,0
DA:159,0
DA:160,0
DA:161,0
DA:163,0
DA:175,0
DA:179,0
DA:180,0
DA:181,0
DA:182,0
DA:185,0
DA:186,0
DA:187,0
DA:190,0
DA:192,0
DA:193,0
DA:194,0
DA:203,0
DA:204,0
DA:205,0
DA:207,0
DA:208,0
DA:209,0
DA:217,0
DA:219,0
DA:220,0
DA:224,0
DA:227,0
DA:235,0
DA:238,0
DA:240,0
DA:241,0
DA:245,0
DA:246,0
DA:247,0
DA:248,0
DA:250,0
DA:254,0
DA:255,0
DA:256,0
DA:257,0
DA:259,0
DA:264,0
DA:265,0
DA:266,0
DA:268,0
DA:269,0
DA:270,0
DA:271,0
DA:272,0
DA:273,0
DA:274,0
DA:275,0
DA:276,0
DA:277,0
DA:278,0
DA:279,0
DA:280,0
DA:281,0
DA:283,0
DA:284,0
DA:287,0
DA:288,0
DA:289,0
DA:290,0
DA:291,0
DA:292,0
DA:293,0
DA:294,0
DA:295,0
DA:296,0
DA:298,0
DA:299,0
DA:301,0
DA:302,0
DA:303,0
DA:304,0
DA:305,0
DA:306,0
DA:307,0
DA:308,0
DA:309,0
DA:311,0
DA:312,0
DA:320,0
DA:321,0
DA:323,0
DA:324,0
DA:335,0
DA:338,0
DA:340,0
DA:341,0
DA:342,0
DA:343,0
DA:347,0
DA:352,0
DA:353,0
DA:355,0
DA:360,0
DA:361,0
LF:174
LH:0
BRDA:35,0,0,0
BRDA:38,1,0,0
BRDA:47,2,0,0
BRDA:70,3,0,0
BRDA:187,4,0,0
BRDA:187,4,1,0
BRDA:192,5,0,0
BRDA:192,5,1,0
BRDA:198,6,0,0
BRDA:198,6,1,0
BRDA:203,7,0,0
BRDA:268,8,0,0
BRDA:268,8,1,0
BRDA:269,9,0,0
BRDA:269,9,1,0
BRDA:273,10,0,0
BRDA:287,11,0,0
BRDA:288,12,0,0
BRDA:288,12,1,0
BRDA:301,13,0,0
BRDA:323,14,0,0
BRDA:342,15,0,0
BRDA:342,15,1,0
BRF:23
BRH:0
end_of_record
TN:
SF:src\presentation\telegram\scenes\AdminUsersScene.ts
FN:21,(anonymous_0)
FN:30,(anonymous_1)
FN:34,(anonymous_2)
FN:44,(anonymous_3)
FN:45,(anonymous_4)
FN:59,(anonymous_5)
FN:77,(anonymous_6)
FN:87,(anonymous_7)
FN:122,(anonymous_8)
FN:142,(anonymous_9)
FN:170,(anonymous_10)
FN:204,(anonymous_11)
FN:232,(anonymous_12)
FN:266,(anonymous_13)
FN:277,(anonymous_14)
FN:288,(anonymous_15)
FN:299,(anonymous_16)
FN:328,(anonymous_17)
FN:339,(anonymous_18)
FN:350,(anonymous_19)
FN:361,(anonymous_20)
FN:370,(anonymous_21)
FN:380,(anonymous_22)
FN:417,(anonymous_23)
FN:428,(anonymous_24)
FN:466,(anonymous_25)
FN:557,(anonymous_26)
FN:586,(anonymous_27)
FN:598,(anonymous_28)
FN:604,(anonymous_29)
FN:641,(anonymous_30)
FN:663,(anonymous_31)
FN:675,(anonymous_32)
FN:681,(anonymous_33)
FNF:34
FNH:0
FNDA:0,(anonymous_0)
FNDA:0,(anonymous_1)
FNDA:0,(anonymous_2)
FNDA:0,(anonymous_3)
FNDA:0,(anonymous_4)
FNDA:0,(anonymous_5)
FNDA:0,(anonymous_6)
FNDA:0,(anonymous_7)
FNDA:0,(anonymous_8)
FNDA:0,(anonymous_9)
FNDA:0,(anonymous_10)
FNDA:0,(anonymous_11)
FNDA:0,(anonymous_12)
FNDA:0,(anonymous_13)
FNDA:0,(anonymous_14)
FNDA:0,(anonymous_15)
FNDA:0,(anonymous_16)
FNDA:0,(anonymous_17)
FNDA:0,(anonymous_18)
FNDA:0,(anonymous_19)
FNDA:0,(anonymous_20)
FNDA:0,(anonymous_21)
FNDA:0,(anonymous_22)
FNDA:0,(anonymous_23)
FNDA:0,(anonymous_24)
FNDA:0,(anonymous_25)
FNDA:0,(anonymous_26)
FNDA:0,(anonymous_27)
FNDA:0,(anonymous_28)
FNDA:0,(anonymous_29)
FNDA:0,(anonymous_30)
FNDA:0,(anonymous_31)
FNDA:0,(anonymous_32)
FNDA:0,(anonymous_33)
DA:2,0
DA:4,0
DA:7,0
DA:16,0
DA:18,0
DA:19,0
DA:22,0
DA:23,0
DA:24,0
DA:26,0
DA:27,0
DA:31,0
DA:35,0
DA:36,0
DA:38,0
DA:39,0
DA:41,0
DA:45,0
DA:46,0
DA:47,0
DA:48,0
DA:49,0
DA:52,0
DA:53,0
DA:55,0
DA:59,0
DA:60,0
DA:61,0
DA:62,0
DA:63,0
DA:65,0
DA:67,0
DA:68,0
DA:69,0
DA:71,0
DA:77,0
DA:78,0
DA:79,0
DA:80,0
DA:81,0
DA:83,0
DA:87,0
DA:88,0
DA:89,0
DA:90,0
DA:91,0
DA:92,0
DA:95,0
DA:96,0
DA:97,0
DA:101,0
DA:102,0
DA:103,0
DA:106,0
DA:107,0
DA:109,0
DA:110,0
DA:112,0
DA:115,0
DA:117,0
DA:118,0
DA:122,0
DA:123,0
DA:124,0
DA:125,0
DA:127,0
DA:129,0
DA:130,0
DA:132,0
DA:135,0
DA:137,0
DA:138,0
DA:142,0
DA:143,0
DA:144,0
DA:145,0
DA:146,0
DA:149,0
DA:150,0
DA:151,0
DA:154,0
DA:155,0
DA:157,0
DA:158,0
DA:160,0
DA:163,0
DA:165,0
DA:166,0
DA:170,0
DA:171,0
DA:172,0
DA:173,0
DA:174,0
DA:177,0
DA:178,0
DA:179,0
DA:183,0
DA:184,0
DA:185,0
DA:188,0
DA:189,0
DA:191,0
DA:192,0
DA:194,0
DA:197,0
DA:199,0
DA:200,0
DA:204,0
DA:205,0
DA:206,0
DA:207,0
DA:208,0
DA:211,0
DA:212,0
DA:213,0
DA:216,0
DA:217,0
DA:219,0
DA:220,0
DA:222,0
DA:225,0
DA:227,0
DA:228,0
DA:232,0
DA:233,0
DA:234,0
DA:235,0
DA:236,0
DA:239,0
DA:240,0
DA:241,0
DA:245,0
DA:246,0
DA:247,0
DA:250,0
DA:251,0
DA:253,0
DA:254,0
DA:256,0
DA:259,0
DA:261,0
DA:262,0
DA:266,0
DA:267,0
DA:268,0
DA:269,0
DA:270,0
DA:272,0
DA:273,0
DA:277,0
DA:278,0
DA:279,0
DA:280,0
DA:281,0
DA:283,0
DA:284,0
DA:288,0
DA:289,0
DA:290,0
DA:291,0
DA:292,0
DA:294,0
DA:295,0
DA:299,0
DA:300,0
DA:301,0
DA:302,0
DA:304,0
DA:313,0
DA:315,0
DA:316,0
DA:318,0
DA:321,0
DA:323,0
DA:324,0
DA:328,0
DA:329,0
DA:330,0
DA:331,0
DA:332,0
DA:334,0
DA:335,0
DA:339,0
DA:340,0
DA:341,0
DA:342,0
DA:343,0
DA:344,0
DA:346,0
DA:350,0
DA:351,0
DA:352,0
DA:353,0
DA:354,0
DA:355,0
DA:357,0
DA:361,0
DA:362,0
DA:363,0
DA:364,0
DA:366,0
DA:370,0
DA:371,0
DA:372,0
DA:373,0
DA:375,0
DA:381,0
DA:382,0
DA:383,0
DA:385,0
DA:386,0
DA:387,0
DA:388,0
DA:389,0
DA:391,0
DA:392,0
DA:402,0
DA:405,0
DA:406,0
DA:407,0
DA:408,0
DA:409,0
DA:410,0
DA:411,0
DA:412,0
DA:413,0
DA:414,0
DA:415,0
DA:417,0
DA:418,0
DA:419,0
DA:420,0
DA:421,0
DA:423,0
DA:424,0
DA:425,0
DA:428,0
DA:429,0
DA:430,0
DA:431,0
DA:433,0
DA:434,0
DA:443,0
DA:444,0
DA:445,0
DA:447,0
DA:448,0
DA:450,0
DA:451,0
DA:454,0
DA:456,0
DA:461,0
DA:462,0
DA:467,0
DA:468,0
DA:470,0
DA:471,0
DA:472,0
DA:475,0
DA:476,0
DA:477,0
DA:478,0
DA:479,0
DA:481,0
DA:482,0
DA:483,0
DA:484,0
DA:485,0
DA:486,0
DA:487,0
DA:488,0
DA:491,0
DA:494,0
DA:501,0
DA:502,0
DA:505,0
DA:508,0
DA:510,0
DA:511,0
DA:512,0
DA:516,0
DA:517,0
DA:518,0
DA:520,0
DA:525,0
DA:526,0
DA:527,0
DA:528,0
DA:529,0
DA:530,0
DA:532,0
DA:537,0
DA:538,0
DA:541,0
DA:542,0
DA:545,0
DA:547,0
DA:552,0
DA:553,0
DA:558,0
DA:559,0
DA:560,0
DA:561,0
DA:562,0
DA:565,0
DA:569,0
DA:576,0
DA:581,0
DA:582,0
DA:587,0
DA:589,0
DA:591,0
DA:592,0
DA:593,0
DA:594,0
DA:598,0
DA:600,0
DA:601,0
DA:603,0
DA:604,0
DA:605,0
DA:607,0
DA:608,0
DA:619,0
DA:620,0
DA:624,0
DA:625,0
DA:627,0
DA:628,0
DA:629,0
DA:630,0
DA:632,0
DA:634,0
DA:635,0
DA:637,0
DA:641,0
DA:643,0
DA:644,0
DA:648,0
DA:656,0
DA:658,0
DA:659,0
DA:664,0
DA:666,0
DA:668,0
DA:669,0
DA:670,0
DA:671,0
DA:675,0
DA:677,0
DA:678,0
DA:680,0
DA:681,0
DA:682,0
DA:684,0
DA:685,0
DA:696,0
DA:697,0
DA:701,0
DA:702,0
DA:703,0
DA:704,0
DA:705,0
DA:708,0
DA:710,0
DA:711,0
DA:713,0
DA:716,0
DA:718,0
DA:721,0
DA:722,0
DA:731,0
LF:372
LH:0
BRDA:35,0,0,0
BRDA:38,1,0,0
BRDA:47,2,0,0
BRDA:67,3,0,0
BRDA:95,4,0,0
BRDA:101,5,0,0
BRDA:101,6,0,0
BRDA:101,6,1,0
BRDA:101,6,2,0
BRDA:109,7,0,0
BRDA:109,7,1,0
BRDA:129,8,0,0
BRDA:129,8,1,0
BRDA:149,9,0,0
BRDA:157,10,0,0
BRDA:157,10,1,0
BRDA:177,11,0,0
BRDA:183,12,0,0
BRDA:191,13,0,0
BRDA:191,13,1,0
BRDA:211,14,0,0
BRDA:219,15,0,0
BRDA:219,15,1,0
BRDA:239,16,0,0
BRDA:245,17,0,0
BRDA:253,18,0,0
BRDA:253,18,1,0
BRDA:315,19,0,0
BRDA:315,19,1,0
BRDA:343,20,0,0
BRDA:343,20,1,0
BRDA:354,21,0,0
BRDA:354,21,1,0
BRDA:383,22,0,0
BRDA:383,22,1,0
BRDA:391,23,0,0
BRDA:420,24,0,0
BRDA:420,24,1,0
BRDA:421,25,0,0
BRDA:423,26,0,0
BRDA:423,26,1,0
BRDA:424,27,0,0
BRDA:424,27,1,0
BRDA:430,28,0,0
BRDA:430,28,1,0
BRDA:431,29,0,0
BRDA:433,30,0,0
BRDA:433,30,1,0
BRDA:436,31,0,0
BRDA:436,31,1,0
BRDA:444,32,0,0
BRDA:447,33,0,0
BRDA:450,34,0,0
BRDA:470,35,0,0
BRDA:479,36,0,0
BRDA:479,36,1,0
BRDA:483,37,0,0
BRDA:483,37,1,0
BRDA:486,38,0,0
BRDA:491,39,0,0
BRDA:491,39,1,0
BRDA:496,40,0,0
BRDA:496,40,1,0
BRDA:498,41,0,0
BRDA:498,41,1,0
BRDA:501,42,0,0
BRDA:508,43,0,0
BRDA:508,43,1,0
BRDA:508,44,0,0
BRDA:508,44,1,0
BRDA:510,45,0,0
BRDA:510,46,0,0
BRDA:510,46,1,0
BRDA:516,47,0,0
BRDA:517,48,0,0
BRDA:517,48,1,0
BRDA:525,49,0,0
BRDA:525,50,0,0
BRDA:525,50,1,0
BRDA:526,51,0,0
BRDA:526,51,1,0
BRDA:528,52,0,0
BRDA:528,52,1,0
BRDA:537,53,0,0
BRDA:541,54,0,0
BRDA:560,55,0,0
BRDA:565,56,0,0
BRDA:565,56,1,0
BRDA:591,57,0,0
BRDA:600,58,0,0
BRDA:600,59,0,0
BRDA:600,59,1,0
BRDA:600,59,2,0
BRDA:607,60,0,0
BRDA:629,61,0,0
BRDA:629,61,1,0
BRDA:634,62,0,0
BRDA:634,62,1,0
BRDA:668,63,0,0
BRDA:677,64,0,0
BRDA:677,65,0,0
BRDA:677,65,1,0
BRDA:677,65,2,0
BRDA:684,66,0,0
BRDA:702,67,0,0
BRDA:710,68,0,0
BRDA:710,68,1,0
BRDA:721,69,0,0
BRDA:721,69,1,0
BRDA:721,70,0,0
BRDA:721,70,1,0
BRF:111
BRH:0
end_of_record
TN:
SF:src\presentation\telegram\scenes\MySubscriptionsScene.ts
FN:13,(anonymous_0)
FN:21,(anonymous_1)
FN:25,(anonymous_2)
FN:26,(anonymous_3)
FN:47,(anonymous_4)
FN:50,(anonymous_5)
FN:51,(anonymous_6)
FN:72,(anonymous_7)
FN:97,(anonymous_8)
FN:115,(anonymous_9)
FN:125,(anonymous_10)
FN:135,(anonymous_11)
FNF:12
FNH:0
FNDA:0,(anonymous_0)
FNDA:0,(anonymous_1)
FNDA:0,(anonymous_2)
FNDA:0,(anonymous_3)
FNDA:0,(anonymous_4)
FNDA:0,(anonymous_5)
FNDA:0,(anonymous_6)
FNDA:0,(anonymous_7)
FNDA:0,(anonymous_8)
FNDA:0,(anonymous_9)
FNDA:0,(anonymous_10)
FNDA:0,(anonymous_11)
DA:4,0
DA:9,0
DA:11,0
DA:14,0
DA:15,0
DA:17,0
DA:18,0
DA:22,0
DA:26,0
DA:27,0
DA:28,0
DA:29,0
DA:31,0
DA:32,0
DA:43,0
DA:47,0
DA:49,0
DA:50,0
DA:51,0
DA:54,0
DA:55,0
DA:67,0
DA:70,0
DA:72,0
DA:86,0
DA:87,0
DA:97,0
DA:98,0
DA:99,0
DA:100,0
DA:101,0
DA:103,0
DA:105,0
DA:106,0
DA:107,0
DA:109,0
DA:115,0
DA:116,0
DA:117,0
DA:118,0
DA:119,0
DA:121,0
DA:125,0
DA:126,0
DA:127,0
DA:128,0
DA:129,0
DA:131,0
DA:135,0
DA:136,0
DA:137,0
DA:138,0
DA:139,0
DA:140,0
DA:142,0
LF:55
LH:0
BRDA:31,0,0,0
BRDA:54,1,0,0
BRDA:105,2,0,0
BRF:3
BRH:0
end_of_record
TN:
SF:src\presentation\telegram\scenes\SettingsScene.ts
FN:14,(anonymous_0)
FN:23,(anonymous_1)
FN:27,(anonymous_2)
FN:38,(anonymous_3)
FN:68,(anonymous_4)
FN:69,(anonymous_5)
FN:85,(anonymous_6)
FN:104,(anonymous_7)
FN:132,(anonymous_8)
FN:160,(anonymous_9)
FN:190,(anonymous_10)
FN:220,(anonymous_11)
FN:255,(anonymous_12)
FNF:13
FNH:0
FNDA:0,(anonymous_0)
FNDA:0,(anonymous_1)
FNDA:0,(anonymous_2)
FNDA:0,(anonymous_3)
FNDA:0,(anonymous_4)
FNDA:0,(anonymous_5)
FNDA:0,(anonymous_6)
FNDA:0,(anonymous_7)
FNDA:0,(anonymous_8)
FNDA:0,(anonymous_9)
FNDA:0,(anonymous_10)
FNDA:0,(anonymous_11)
FNDA:0,(anonymous_12)
DA:4,0
DA:6,0
DA:9,0
DA:12,0
DA:15,0
DA:18,0
DA:19,0
DA:20,0
DA:24,0
DA:28,0
DA:35,0
DA:39,0
DA:40,0
DA:41,0
DA:43,0
DA:44,0
DA:45,0
DA:48,0
DA:49,0
DA:51,0
DA:69,0
DA:70,0
DA:71,0
DA:72,0
DA:74,0
DA:75,0
DA:85,0
DA:86,0
DA:87,0
DA:88,0
DA:89,0
DA:91,0
DA:93,0
DA:94,0
DA:95,0
DA:97,0
DA:104,0
DA:105,0
DA:106,0
DA:107,0
DA:108,0
DA:110,0
DA:127,0
DA:132,0
DA:133,0
DA:134,0
DA:135,0
DA:136,0
DA:138,0
DA:139,0
DA:142,0
DA:155,0
DA:160,0
DA:161,0
DA:162,0
DA:163,0
DA:164,0
DA:166,0
DA:168,0
DA:185,0
DA:190,0
DA:191,0
DA:192,0
DA:193,0
DA:194,0
DA:196,0
DA:197,0
DA:199,0
DA:215,0
DA:220,0
DA:221,0
DA:222,0
DA:223,0
DA:224,0
DA:226,0
DA:227,0
DA:228,0
DA:231,0
DA:232,0
DA:234,0
DA:250,0
DA:255,0
DA:256,0
DA:257,0
DA:258,0
DA:259,0
DA:260,0
DA:262,0
LF:88
LH:0
BRDA:35,0,0,0
BRDA:35,0,1,0
BRDA:43,1,0,0
BRDA:49,2,0,0
BRDA:49,2,1,0
BRDA:93,3,0,0
BRDA:171,4,0,0
BRDA:171,4,1,0
BRDA:177,5,0,0
BRDA:177,5,1,0
BRDA:193,6,0,0
BRDA:193,6,1,0
BRDA:200,7,0,0
BRDA:200,7,1,0
BRDA:201,8,0,0
BRDA:201,8,1,0
BRDA:202,9,0,0
BRDA:202,9,1,0
BRDA:226,10,0,0
BRDA:232,11,0,0
BRDA:232,11,1,0
BRF:21
BRH:0
end_of_record
TN:
SF:src\presentation\telegram\scenes\StartScene.ts
FN:14,(anonymous_0)
FN:23,(anonymous_1)
FN:27,(anonymous_2)
FN:28,(anonymous_3)
FN:56,(anonymous_4)
FN:57,(anonymous_5)
FN:62,(anonymous_6)
FN:106,(anonymous_7)
FN:122,(anonymous_8)
FN:137,(anonymous_9)
FN:152,(anonymous_10)
FN:167,(anonymous_11)
FN:204,(anonymous_12)
FN:219,(anonymous_13)
FNF:14
FNH:0
FNDA:0,(anonymous_0)
FNDA:0,(anonymous_1)
FNDA:0,(anonymous_2)
FNDA:0,(anonymous_3)
FNDA:0,(anonymous_4)
FNDA:0,(anonymous_5)
FNDA:0,(anonymous_6)
FNDA:0,(anonymous_7)
FNDA:0,(anonymous_8)
FNDA:0,(anonymous_9)
FNDA:0,(anonymous_10)
FNDA:0,(anonymous_11)
FNDA:0,(anonymous_12)
FNDA:0,(anonymous_13)
DA:2,0
DA:4,0
DA:8,0
DA:10,0
DA:12,0
DA:15,0
DA:16,0
DA:17,0
DA:19,0
DA:20,0
DA:24,0
DA:28,0
DA:29,0
DA:30,0
DA:31,0
DA:33,0
DA:34,0
DA:36,0
DA:38,0
DA:41,0
DA:42,0
DA:43,0
DA:46,0
DA:49,0
DA:50,0
DA:51,0
DA:53,0
DA:55,0
DA:56,0
DA:57,0
DA:60,0
DA:61,0
DA:62,0
DA:65,0
DA:68,0
DA:69,0
DA:74,0
DA:83,0
DA:84,0
DA:85,0
DA:88,0
DA:103,0
DA:106,0
DA:107,0
DA:108,0
DA:109,0
DA:110,0
DA:112,0
DA:114,0
DA:115,0
DA:117,0
DA:122,0
DA:123,0
DA:124,0
DA:125,0
DA:126,0
DA:128,0
DA:129,0
DA:130,0
DA:132,0
DA:137,0
DA:138,0
DA:139,0
DA:140,0
DA:141,0
DA:143,0
DA:144,0
DA:145,0
DA:147,0
DA:152,0
DA:153,0
DA:154,0
DA:155,0
DA:156,0
DA:158,0
DA:159,0
DA:160,0
DA:162,0
DA:167,0
DA:168,0
DA:169,0
DA:170,0
DA:200,0
DA:204,0
DA:205,0
DA:206,0
DA:207,0
DA:208,0
DA:210,0
DA:211,0
DA:212,0
DA:214,0
DA:219,0
DA:220,0
DA:221,0
DA:222,0
DA:223,0
DA:225,0
DA:226,0
DA:227,0
DA:229,0
LF:101
LH:0
BRDA:34,0,0,0
BRDA:41,1,0,0
BRDA:49,2,0,0
BRDA:49,3,0,0
BRDA:49,3,1,0
BRDA:53,4,0,0
BRDA:53,4,1,0
BRDA:60,5,0,0
BRDA:83,6,0,0
BRDA:83,7,0,0
BRDA:83,7,1,0
BRDA:84,8,0,0
BRDA:84,8,1,0
BRF:13
BRH:0
end_of_record
TN:
SF:src\presentation\telegram\scenes\SubscribeScene.ts
FN:15,(anonymous_0)
FN:24,(anonymous_1)
FN:29,(anonymous_2)
FN:30,(anonymous_3)
FN:50,(anonymous_4)
FN:51,(anonymous_5)
FN:54,(anonymous_6)
FN:61,(anonymous_7)
FN:73,(anonymous_8)
FN:85,(anonymous_9)
FN:88,(anonymous_10)
FN:112,(anonymous_11)
FN:130,(anonymous_12)
FN:179,(anonymous_13)
FN:180,(anonymous_14)
FN:185,(anonymous_15)
FNF:16
FNH:0
FNDA:0,(anonymous_0)
FNDA:0,(anonymous_1)
FNDA:0,(anonymous_2)
FNDA:0,(anonymous_3)
FNDA:0,(anonymous_4)
FNDA:0,(anonymous_5)
FNDA:0,(anonymous_6)
FNDA:0,(anonymous_7)
FNDA:0,(anonymous_8)
FNDA:0,(anonymous_9)
FNDA:0,(anonymous_10)
FNDA:0,(anonymous_11)
FNDA:0,(anonymous_12)
FNDA:0,(anonymous_13)
FNDA:0,(anonymous_14)
FNDA:0,(anonymous_15)
DA:4,0
DA:8,0
DA:11,0
DA:13,0
DA:16,0
DA:17,0
DA:18,0
DA:20,0
DA:21,0
DA:25,0
DA:30,0
DA:31,0
DA:32,0
DA:34,0
DA:35,0
DA:45,0
DA:49,0
DA:50,0
DA:51,0
DA:54,0
DA:57,0
DA:58,0
DA:61,0
DA:70,0
DA:73,0
DA:74,0
DA:77,0
DA:79,0
DA:84,0
DA:85,0
DA:86,0
DA:87,0
DA:88,0
DA:91,0
DA:93,0
DA:101,0
DA:102,0
DA:112,0
DA:113,0
DA:114,0
DA:115,0
DA:116,0
DA:118,0
DA:120,0
DA:121,0
DA:122,0
DA:124,0
DA:130,0
DA:131,0
DA:132,0
DA:133,0
DA:134,0
DA:135,0
DA:138,0
DA:139,0
DA:140,0
DA:141,0
DA:142,0
DA:143,0
DA:147,0
DA:148,0
DA:149,0
DA:150,0
DA:151,0
DA:152,0
DA:153,0
DA:154,0
DA:155,0
DA:156,0
DA:158,0
DA:160,0
DA:164,0
DA:165,0
DA:166,0
DA:167,0
DA:170,0
DA:171,0
DA:172,0
DA:175,0
DA:176,0
DA:177,0
DA:178,0
DA:179,0
DA:180,0
DA:183,0
DA:184,0
DA:185,0
DA:188,0
DA:191,0
DA:206,0
DA:207,0
DA:208,0
DA:209,0
DA:212,0
LF:94
LH:0
BRDA:34,0,0,0
BRDA:57,1,0,0
BRDA:84,2,0,0
BRDA:86,3,0,0
BRDA:120,4,0,0
BRDA:138,5,0,0
BRDA:147,6,0,0
BRDA:164,7,0,0
BRDA:183,8,0,0
BRF:9
BRH:0
end_of_record
TN:
SF:src\presentation\telegram\scenes\UnsubscribeScene.ts
FN:13,(anonymous_0)
FN:21,(anonymous_1)
FN:25,(anonymous_2)
FN:26,(anonymous_3)
FN:46,(anonymous_4)
FN:47,(anonymous_5)
FN:63,(anonymous_6)
FN:71,(anonymous_7)
FN:91,(anonymous_8)
FN:109,(anonymous_9)
FN:139,(anonymous_10)
FN:152,(anonymous_11)
FN:165,(anonymous_12)
FNF:13
FNH:0
FNDA:0,(anonymous_0)
FNDA:0,(anonymous_1)
FNDA:0,(anonymous_2)
FNDA:0,(anonymous_3)
FNDA:0,(anonymous_4)
FNDA:0,(anonymous_5)
FNDA:0,(anonymous_6)
FNDA:0,(anonymous_7)
FNDA:0,(anonymous_8)
FNDA:0,(anonymous_9)
FNDA:0,(anonymous_10)
FNDA:0,(anonymous_11)
FNDA:0,(anonymous_12)
DA:4,0
DA:7,0
DA:9,0
DA:11,0
DA:14,0
DA:15,0
DA:17,0
DA:18,0
DA:22,0
DA:26,0
DA:27,0
DA:28,0
DA:29,0
DA:31,0
DA:32,0
DA:42,0
DA:45,0
DA:46,0
DA:47,0
DA:50,0
DA:51,0
DA:60,0
DA:63,0
DA:64,0
DA:67,0
DA:69,0
DA:71,0
DA:80,0
DA:81,0
DA:91,0
DA:92,0
DA:93,0
DA:94,0
DA:95,0
DA:97,0
DA:99,0
DA:100,0
DA:101,0
DA:103,0
DA:109,0
DA:110,0
DA:111,0
DA:112,0
DA:114,0
DA:115,0
DA:116,0
DA:129,0
DA:130,0
DA:131,0
DA:132,0
DA:134,0
DA:139,0
DA:140,0
DA:141,0
DA:142,0
DA:143,0
DA:144,0
DA:145,0
DA:146,0
DA:148,0
DA:152,0
DA:153,0
DA:154,0
DA:155,0
DA:156,0
DA:157,0
DA:158,0
DA:159,0
DA:161,0
DA:165,0
DA:166,0
DA:167,0
DA:168,0
DA:170,0
DA:171,0
DA:172,0
DA:174,0
LF:77
LH:0
BRDA:31,0,0,0
BRDA:50,1,0,0
BRDA:99,2,0,0
BRF:3
BRH:0
end_of_record
TN:
SF:src\presentation\telegram\scenes\index.ts
FN:1,(anonymous_0)
FN:2,(anonymous_1)
FN:3,(anonymous_2)
FN:4,(anonymous_3)
FN:5,(anonymous_4)
FN:6,(anonymous_5)
FN:7,(anonymous_6)
FN:8,(anonymous_7)
FN:9,(anonymous_8)
FN:10,(anonymous_9)
FNF:10
FNH:0
FNDA:0,(anonymous_0)
FNDA:0,(anonymous_1)
FNDA:0,(anonymous_2)
FNDA:0,(anonymous_3)
FNDA:0,(anonymous_4)
FNDA:0,(anonymous_5)
FNDA:0,(anonymous_6)
FNDA:0,(anonymous_7)
FNDA:0,(anonymous_8)
FNDA:0,(anonymous_9)
DA:1,0
DA:2,0
DA:3,0
DA:4,0
DA:5,0
DA:6,0
DA:7,0
DA:8,0
DA:9,0
DA:10,0
LF:10
LH:0
BRF:0
BRH:0
end_of_record
TN:
SF:src\workers\BaseQueueWorker.ts
FN:8,(anonymous_0)
FN:28,(anonymous_1)
FN:37,(anonymous_2)
FN:41,(anonymous_3)
FN:48,(anonymous_4)
FN:49,(anonymous_5)
FN:53,(anonymous_6)
FN:57,(anonymous_7)
FN:61,(anonymous_8)
FN:66,(anonymous_9)
FN:70,(anonymous_10)
FN:74,(anonymous_11)
FN:79,(anonymous_12)
FN:83,(anonymous_13)
FN:87,(anonymous_14)
FN:91,(anonymous_15)
FNF:16
FNH:0
FNDA:0,(anonymous_0)
FNDA:0,(anonymous_1)
FNDA:0,(anonymous_2)
FNDA:0,(anonymous_3)
FNDA:0,(anonymous_4)
FNDA:0,(anonymous_5)
FNDA:0,(anonymous_6)
FNDA:0,(anonymous_7)
FNDA:0,(anonymous_8)
FNDA:0,(anonymous_9)
FNDA:0,(anonymous_10)
FNDA:0,(anonymous_11)
FNDA:0,(anonymous_12)
FNDA:0,(anonymous_13)
FNDA:0,(anonymous_14)
FNDA:0,(anonymous_15)
DA:1,0
DA:4,0
DA:10,0
DA:12,0
DA:14,0
DA:20,0
DA:26,0
DA:28,0
DA:32,0
DA:38,0
DA:42,0
DA:49,0
DA:50,0
DA:53,0
DA:54,0
DA:57,0
DA:58,0
DA:61,0
DA:62,0
DA:67,0
DA:71,0
DA:75,0
DA:80,0
DA:84,0
DA:88,0
DA:92,0
LF:26
LH:0
BRF:0
BRH:0
end_of_record
TN:
SF:src\workers\NewsParserQueueWorker.ts
FN:10,(anonymous_0)
FN:16,(anonymous_1)
FNF:2
FNH:0
FNDA:0,(anonymous_0)
FNDA:0,(anonymous_1)
DA:2,0
DA:6,0
DA:12,0
DA:13,0
DA:17,0
DA:18,0
DA:20,0
DA:21,0
LF:8
LH:0
BRF:0
BRH:0
end_of_record
TN:
SF:src\workers\NewsQueueWorker.ts
FN:17,(anonymous_0)
FN:29,(anonymous_1)
FN:58,(anonymous_2)
FN:62,(anonymous_3)
FNF:4
FNH:0
FNDA:0,(anonymous_0)
FNDA:0,(anonymous_1)
FNDA:0,(anonymous_2)
FNDA:0,(anonymous_3)
DA:3,0
DA:12,0
DA:23,0
DA:24,0
DA:25,0
DA:26,0
DA:30,0
DA:32,0
DA:34,0
DA:35,0
DA:37,0
DA:38,0
DA:41,0
DA:42,0
DA:47,0
DA:48,0
DA:51,0
DA:53,0
DA:59,0
DA:63,0
LF:20
LH:0
BRDA:37,0,0,0
BRF:1
BRH:0
end_of_record
TN:
SF:src\workers\PodcastQueueWorker.ts
FN:14,(anonymous_0)
FN:20,(anonymous_1)
FN:34,(anonymous_2)
FN:38,(anonymous_3)
FN:43,(anonymous_4)
FNF:5
FNH:0
FNDA:0,(anonymous_0)
FNDA:0,(anonymous_1)
FNDA:0,(anonymous_2)
FNDA:0,(anonymous_3)
FNDA:0,(anonymous_4)
DA:2,0
DA:10,0
DA:16,0
DA:17,0
DA:21,0
DA:23,0
DA:24,0
DA:26,0
DA:28,0
DA:29,0
DA:35,0
DA:39,0
DA:40,0
DA:44,0
DA:45,0
DA:46,0
LF:16
LH:0
BRDA:45,0,0,0
BRF:1
BRH:0
end_of_record
TN:
SF:src\workers\ScheduledAdvertisementProcessor.ts
FN:9,(anonymous_0)
FN:14,(anonymous_1)
FN:24,(anonymous_2)
FN:32,(anonymous_3)
FN:45,(anonymous_4)
FNF:5
FNH:0
FNDA:0,(anonymous_0)
FNDA:0,(anonymous_1)
FNDA:0,(anonymous_2)
FNDA:0,(anonymous_3)
FNDA:0,(anonymous_4)
DA:3,0
DA:5,0
DA:6,0
DA:10,0
DA:11,0
DA:15,0
DA:16,0
DA:17,0
DA:20,0
DA:21,0
DA:24,0
DA:25,0
DA:29,0
DA:33,0
DA:34,0
DA:37,0
DA:38,0
DA:39,0
DA:40,0
DA:42,0
DA:46,0
DA:47,0
DA:48,0
DA:51,0
DA:53,0
DA:55,0
DA:56,0
DA:57,0
DA:60,0
DA:63,0
DA:65,0
DA:67,0
DA:70,0
DA:74,0
LF:34
LH:0
BRDA:15,0,0,0
BRDA:33,1,0,0
BRDA:38,2,0,0
BRF:3
BRH:0
end_of_record
