TN:
SF:src\NewsPodcastBot.ts
FN:18,(anonymous_0)
FN:30,(anonymous_1)
FNF:2
FNH:0
FNDA:0,(anonymous_0)
FNDA:0,(anonymous_1)
DA:2,0
DA:4,0
DA:5,0
DA:8,0
DA:11,0
DA:18,0
DA:19,0
DA:21,0
DA:22,0
DA:24,0
DA:27,0
DA:31,0
DA:32,0
DA:35,0
DA:39,0
DA:40,0
DA:42,0
DA:43,0
LF:18
LH:0
BRF:0
BRH:0
end_of_record
TN:
SF:src\application\services\AdminService.ts
FN:21,(anonymous_0)
FN:32,(anonymous_1)
FN:36,(anonymous_2)
FN:51,(anonymous_3)
FN:55,(anonymous_4)
FN:59,(anonymous_5)
FN:63,(anonymous_6)
FN:66,(anonymous_7)
FN:87,(anonymous_8)
FN:91,(anonymous_9)
FN:95,(anonymous_10)
FN:99,(anonymous_11)
FN:103,(anonymous_12)
FN:109,(anonymous_13)
FN:122,(anonymous_14)
FN:123,(anonymous_15)
FN:124,(anonymous_16)
FN:138,(anonymous_17)
FN:140,(anonymous_18)
FN:157,(anonymous_19)
FN:171,(anonymous_20)
FN:193,(anonymous_21)
FN:206,(anonymous_22)
FN:209,(anonymous_23)
FN:210,(anonymous_24)
FN:211,(anonymous_25)
FN:212,(anonymous_26)
FN:223,(anonymous_27)
FN:227,(anonymous_28)
FN:233,(anonymous_29)
FN:237,(anonymous_30)
FN:243,(anonymous_31)
FN:246,(anonymous_32)
FN:259,(anonymous_33)
FN:267,(anonymous_34)
FN:270,(anonymous_35)
FNF:36
FNH:0
FNDA:0,(anonymous_0)
FNDA:0,(anonymous_1)
FNDA:0,(anonymous_2)
FNDA:0,(anonymous_3)
FNDA:0,(anonymous_4)
FNDA:0,(anonymous_5)
FNDA:0,(anonymous_6)
FNDA:0,(anonymous_7)
FNDA:0,(anonymous_8)
FNDA:0,(anonymous_9)
FNDA:0,(anonymous_10)
FNDA:0,(anonymous_11)
FNDA:0,(anonymous_12)
FNDA:0,(anonymous_13)
FNDA:0,(anonymous_14)
FNDA:0,(anonymous_15)
FNDA:0,(anonymous_16)
FNDA:0,(anonymous_17)
FNDA:0,(anonymous_18)
FNDA:0,(anonymous_19)
FNDA:0,(anonymous_20)
FNDA:0,(anonymous_21)
FNDA:0,(anonymous_22)
FNDA:0,(anonymous_23)
FNDA:0,(anonymous_24)
FNDA:0,(anonymous_25)
FNDA:0,(anonymous_26)
FNDA:0,(anonymous_27)
FNDA:0,(anonymous_28)
FNDA:0,(anonymous_29)
FNDA:0,(anonymous_30)
FNDA:0,(anonymous_31)
FNDA:0,(anonymous_32)
FNDA:0,(anonymous_33)
FNDA:0,(anonymous_34)
FNDA:0,(anonymous_35)
DA:2,0
DA:10,0
DA:20,0
DA:22,0
DA:23,0
DA:24,0
DA:25,0
DA:26,0
DA:27,0
DA:33,0
DA:37,0
DA:38,0
DA:40,0
DA:41,0
DA:42,0
DA:48,0
DA:52,0
DA:56,0
DA:60,0
DA:65,0
DA:66,0
DA:69,0
DA:71,0
DA:72,0
DA:78,0
DA:88,0
DA:92,0
DA:96,0
DA:100,0
DA:104,0
DA:110,0
DA:111,0
DA:113,0
DA:114,0
DA:115,0
DA:116,0
DA:118,0
DA:119,0
DA:120,0
DA:122,0
DA:123,0
DA:124,0
DA:126,0
DA:139,0
DA:140,0
DA:141,0
DA:143,0
DA:149,0
DA:154,0
DA:155,0
DA:157,0
DA:159,0
DA:164,0
DA:166,0
DA:167,0
DA:170,0
DA:171,0
DA:172,0
DA:175,0
DA:182,0
DA:183,0
DA:184,0
DA:186,0
DA:191,0
DA:193,0
DA:199,0
DA:207,0
DA:209,0
DA:210,0
DA:211,0
DA:212,0
DA:214,0
DA:224,0
DA:229,0
DA:232,0
DA:234,0
DA:235,0
DA:237,0
DA:240,0
DA:245,0
DA:246,0
DA:247,0
DA:249,0
DA:252,0
DA:256,0
DA:259,0
DA:267,0
DA:271,0
DA:272,0
DA:273,0
DA:279,0
DA:281,0
DA:286,0
DA:287,0
LF:94
LH:0
BRDA:71,0,0,0
BRDA:149,1,0,0
BRDA:149,1,1,0
BRDA:164,2,0,0
BRDA:164,2,1,0
BRDA:164,3,0,0
BRDA:164,3,1,0
BRDA:182,4,0,0
BRDA:183,5,0,0
BRDA:183,5,1,0
BRDA:234,6,0,0
BRDA:234,6,1,0
BRDA:247,7,0,0
BRDA:247,7,1,0
BRDA:247,8,0,0
BRDA:247,8,1,0
BRDA:249,9,0,0
BRDA:249,9,1,0
BRDA:252,10,0,0
BRDA:252,10,1,0
BRDA:262,11,0,0
BRDA:262,11,1,0
BRDA:272,12,0,0
BRF:23
BRH:0
end_of_record
TN:
SF:src\application\services\MessageTemplateService.ts
FN:6,(anonymous_0)
FN:23,(anonymous_1)
FN:24,(anonymous_2)
FN:35,(anonymous_3)
FN:43,(anonymous_4)
FN:64,(anonymous_5)
FNF:6
FNH:6
FNDA:1,(anonymous_0)
FNDA:1,(anonymous_1)
FNDA:2,(anonymous_2)
FNDA:1,(anonymous_3)
FNDA:5,(anonymous_4)
FNDA:1,(anonymous_5)
DA:4,1
DA:7,1
DA:9,1
DA:16,1
DA:24,2
DA:25,1
DA:27,1
DA:32,1
DA:36,1
DA:44,5
DA:45,4
DA:49,1
DA:50,1
DA:56,1
DA:57,0
DA:60,1
DA:65,1
LF:17
LH:16
BRDA:25,0,0,0
BRDA:25,0,1,1
BRDA:43,1,0,0
BRDA:44,2,0,4
BRDA:56,3,0,0
BRF:5
BRH:2
end_of_record
TN:
SF:src\application\services\NewsFinderService.ts
FN:17,(anonymous_0)
FN:27,(anonymous_1)
FN:31,(anonymous_2)
FN:35,(anonymous_3)
FN:57,(anonymous_4)
FN:103,(anonymous_5)
FN:104,(anonymous_6)
FN:107,(anonymous_7)
FN:110,(anonymous_8)
FN:111,(anonymous_9)
FN:122,(anonymous_10)
FN:126,(anonymous_11)
FN:130,(anonymous_12)
FN:134,(anonymous_13)
FN:142,(anonymous_14)
FN:146,(anonymous_15)
FN:150,(anonymous_16)
FN:152,(anonymous_17)
FN:153,(anonymous_18)
FNF:19
FNH:0
FNDA:0,(anonymous_0)
FNDA:0,(anonymous_1)
FNDA:0,(anonymous_2)
FNDA:0,(anonymous_3)
FNDA:0,(anonymous_4)
FNDA:0,(anonymous_5)
FNDA:0,(anonymous_6)
FNDA:0,(anonymous_7)
FNDA:0,(anonymous_8)
FNDA:0,(anonymous_9)
FNDA:0,(anonymous_10)
FNDA:0,(anonymous_11)
FNDA:0,(anonymous_12)
FNDA:0,(anonymous_13)
FNDA:0,(anonymous_14)
FNDA:0,(anonymous_15)
FNDA:0,(anonymous_16)
FNDA:0,(anonymous_17)
FNDA:0,(anonymous_18)
DA:8,0
DA:11,0
DA:21,0
DA:22,0
DA:23,0
DA:24,0
DA:28,0
DA:32,0
DA:36,0
DA:37,0
DA:39,0
DA:41,0
DA:42,0
DA:43,0
DA:46,0
DA:47,0
DA:50,0
DA:52,0
DA:53,0
DA:58,0
DA:59,0
DA:60,0
DA:61,0
DA:62,0
DA:65,0
DA:66,0
DA:67,0
DA:70,0
DA:72,0
DA:73,0
DA:74,0
DA:77,0
DA:79,0
DA:82,0
DA:83,0
DA:85,0
DA:86,0
DA:87,0
DA:88,0
DA:90,0
DA:91,0
DA:94,0
DA:99,0
DA:104,0
DA:108,0
DA:109,0
DA:110,0
DA:111,0
DA:112,0
DA:117,0
DA:118,0
DA:123,0
DA:127,0
DA:131,0
DA:135,0
DA:136,0
DA:137,0
DA:138,0
DA:143,0
DA:147,0
DA:151,0
DA:152,0
DA:153,0
LF:63
LH:0
BRDA:41,0,0,0
BRDA:60,1,0,0
BRDA:65,2,0,0
BRDA:72,3,0,0
BRDA:82,4,0,0
BRDA:82,5,0,0
BRDA:82,5,1,0
BRDA:90,6,0,0
BRDA:104,7,0,0
BRDA:104,7,1,0
BRDA:112,8,0,0
BRDA:112,8,1,0
BRDA:130,9,0,0
BRF:13
BRH:0
end_of_record
TN:
SF:src\application\services\NotificationService.ts
FN:17,(anonymous_0)
FN:29,(anonymous_1)
FN:33,(anonymous_2)
FN:55,(anonymous_3)
FN:68,(anonymous_4)
FN:103,(anonymous_5)
FN:126,(anonymous_6)
FN:149,(anonymous_7)
FN:162,(anonymous_8)
FN:185,(anonymous_9)
FN:196,(anonymous_10)
FN:222,(anonymous_11)
FN:244,(anonymous_12)
FN:288,(anonymous_13)
FNF:14
FNH:0
FNDA:0,(anonymous_0)
FNDA:0,(anonymous_1)
FNDA:0,(anonymous_2)
FNDA:0,(anonymous_3)
FNDA:0,(anonymous_4)
FNDA:0,(anonymous_5)
FNDA:0,(anonymous_6)
FNDA:0,(anonymous_7)
FNDA:0,(anonymous_8)
FNDA:0,(anonymous_9)
FNDA:0,(anonymous_10)
FNDA:0,(anonymous_11)
FNDA:0,(anonymous_12)
FNDA:0,(anonymous_13)
DA:6,0
DA:10,0
DA:23,0
DA:24,0
DA:25,0
DA:26,0
DA:30,0
DA:38,0
DA:40,0
DA:42,0
DA:43,0
DA:44,0
DA:48,0
DA:49,0
DA:52,0
DA:55,0
DA:56,0
DA:59,0
DA:60,0
DA:72,0
DA:73,0
DA:76,0
DA:79,0
DA:84,0
DA:85,0
DA:88,0
DA:91,0
DA:92,0
DA:96,0
DA:97,0
DA:101,0
DA:103,0
DA:104,0
DA:105,0
DA:106,0
DA:110,0
DA:112,0
DA:119,0
DA:131,0
DA:132,0
DA:133,0
DA:135,0
DA:137,0
DA:138,0
DA:139,0
DA:141,0
DA:142,0
DA:144,0
DA:145,0
DA:149,0
DA:152,0
DA:153,0
DA:154,0
DA:158,0
DA:159,0
DA:167,0
DA:168,0
DA:169,0
DA:171,0
DA:173,0
DA:174,0
DA:175,0
DA:177,0
DA:178,0
DA:180,0
DA:181,0
DA:185,0
DA:188,0
DA:189,0
DA:193,0
DA:200,0
DA:201,0
DA:206,0
DA:210,0
DA:211,0
DA:215,0
DA:216,0
DA:220,0
DA:222,0
DA:223,0
DA:224,0
DA:228,0
DA:230,0
DA:237,0
DA:248,0
DA:249,0
DA:255,0
DA:256,0
DA:257,0
DA:263,0
DA:264,0
DA:269,0
DA:272,0
DA:276,0
DA:277,0
DA:281,0
DA:282,0
DA:286,0
DA:288,0
DA:289,0
DA:290,0
DA:291,0
DA:296,0
DA:301,0
DA:303,0
DA:310,0
LF:106
LH:0
BRDA:42,0,0,0
BRDA:49,1,0,0
BRDA:49,1,1,0
BRDA:91,2,0,0
BRDA:91,2,1,0
BRDA:96,3,0,0
BRDA:96,3,1,0
BRDA:101,4,0,0
BRDA:121,5,0,0
BRDA:121,5,1,0
BRDA:141,6,0,0
BRDA:141,6,1,0
BRDA:177,7,0,0
BRDA:177,7,1,0
BRDA:196,8,0,0
BRDA:210,9,0,0
BRDA:210,9,1,0
BRDA:215,10,0,0
BRDA:215,10,1,0
BRDA:220,11,0,0
BRDA:239,12,0,0
BRDA:239,12,1,0
BRDA:255,13,0,0
BRDA:263,14,0,0
BRDA:263,14,1,0
BRDA:276,15,0,0
BRDA:276,15,1,0
BRDA:281,16,0,0
BRDA:281,16,1,0
BRDA:286,17,0,0
BRDA:290,18,0,0
BRDA:290,18,1,0
BRDA:312,19,0,0
BRDA:312,19,1,0
BRF:34
BRH:0
end_of_record
TN:
SF:src\application\services\PodcastService.ts
FN:25,(anonymous_10)
FN:39,(anonymous_11)
FN:43,(anonymous_12)
FN:64,(anonymous_13)
FN:101,(anonymous_14)
FN:102,(anonymous_15)
FN:124,(anonymous_16)
FN:125,(anonymous_17)
FN:134,(anonymous_18)
FN:139,(anonymous_19)
FN:154,(anonymous_20)
FN:158,(anonymous_21)
FN:166,(anonymous_22)
FN:168,(anonymous_23)
FN:169,(anonymous_24)
FN:175,(anonymous_25)
FN:185,(anonymous_26)
FN:193,(anonymous_27)
FN:200,(anonymous_28)
FN:202,(anonymous_29)
FN:271,(anonymous_30)
FN:277,(anonymous_31)
FN:278,(anonymous_32)
FN:286,(anonymous_33)
FNF:24
FNH:0
FNDA:0,(anonymous_10)
FNDA:0,(anonymous_11)
FNDA:0,(anonymous_12)
FNDA:0,(anonymous_13)
FNDA:0,(anonymous_14)
FNDA:0,(anonymous_15)
FNDA:0,(anonymous_16)
FNDA:0,(anonymous_17)
FNDA:0,(anonymous_18)
FNDA:0,(anonymous_19)
FNDA:0,(anonymous_20)
FNDA:0,(anonymous_21)
FNDA:0,(anonymous_22)
FNDA:0,(anonymous_23)
FNDA:0,(anonymous_24)
FNDA:0,(anonymous_25)
FNDA:0,(anonymous_26)
FNDA:0,(anonymous_27)
FNDA:0,(anonymous_28)
FNDA:0,(anonymous_29)
FNDA:0,(anonymous_30)
FNDA:0,(anonymous_31)
FNDA:0,(anonymous_32)
FNDA:0,(anonymous_33)
DA:1,0
DA:10,0
DA:11,0
DA:12,0
DA:15,0
DA:17,0
DA:32,0
DA:33,0
DA:34,0
DA:35,0
DA:36,0
DA:40,0
DA:44,0
DA:45,0
DA:47,0
DA:48,0
DA:50,0
DA:51,0
DA:54,0
DA:55,0
DA:57,0
DA:58,0
DA:61,0
DA:62,0
DA:64,0
DA:67,0
DA:71,0
DA:72,0
DA:73,0
DA:74,0
DA:75,0
DA:77,0
DA:78,0
DA:79,0
DA:81,0
DA:82,0
DA:83,0
DA:86,0
DA:87,0
DA:88,0
DA:90,0
DA:94,0
DA:97,0
DA:98,0
DA:99,0
DA:101,0
DA:102,0
DA:104,0
DA:106,0
DA:107,0
DA:109,0
DA:112,0
DA:116,0
DA:117,0
DA:119,0
DA:120,0
DA:125,0
DA:126,0
DA:127,0
DA:128,0
DA:131,0
DA:133,0
DA:134,0
DA:135,0
DA:136,0
DA:138,0
DA:140,0
DA:141,0
DA:145,0
DA:155,0
DA:156,0
DA:159,0
DA:160,0
DA:168,0
DA:169,0
DA:171,0
DA:172,0
DA:174,0
DA:175,0
DA:177,0
DA:180,0
DA:181,0
DA:184,0
DA:186,0
DA:187,0
DA:188,0
DA:189,0
DA:191,0
DA:193,0
DA:196,0
DA:197,0
DA:201,0
DA:202,0
DA:205,0
DA:207,0
DA:268,0
DA:273,0
DA:274,0
DA:277,0
DA:278,0
DA:279,0
DA:280,0
DA:282,0
DA:286,0
DA:287,0
DA:294,0
DA:297,0
DA:299,0
DA:300,0
LF:109
LH:0
BRDA:50,0,0,0
BRDA:57,1,0,0
BRDA:97,2,0,0
BRDA:102,3,0,0
BRDA:102,3,1,0
BRDA:106,4,0,0
BRDA:106,4,1,0
BRDA:126,5,0,0
BRDA:126,6,0,0
BRDA:126,6,1,0
BRDA:171,7,0,0
BRDA:171,8,0,0
BRDA:171,8,1,0
BRDA:171,8,2,0
BRDA:186,9,0,0
BRDA:186,9,1,0
BRDA:188,10,0,0
BRDA:205,11,0,0
BRDA:205,11,1,0
BRDA:279,12,0,0
BRDA:279,13,0,0
BRDA:279,13,1,0
BRDA:280,14,0,0
BRDA:280,14,1,0
BRF:24
BRH:0
end_of_record
TN:
SF:src\application\services\SchedulingService.ts
FN:13,(anonymous_0)
FN:25,(anonymous_1)
FN:29,(anonymous_2)
FNF:3
FNH:0
FNDA:0,(anonymous_0)
FNDA:0,(anonymous_1)
FNDA:0,(anonymous_2)
DA:7,0
DA:19,0
DA:20,0
DA:21,0
DA:22,0
DA:26,0
DA:30,0
LF:7
LH:0
BRF:0
BRH:0
end_of_record
TN:
SF:src\application\services\SubscriptionService.ts
FN:9,(anonymous_0)
FN:13,(anonymous_1)
FN:24,(anonymous_2)
FN:34,(anonymous_3)
FNF:4
FNH:0
FNDA:0,(anonymous_0)
FNDA:0,(anonymous_1)
FNDA:0,(anonymous_2)
FNDA:0,(anonymous_3)
DA:6,0
DA:10,0
DA:14,0
DA:16,0
DA:17,0
DA:18,0
DA:20,0
DA:25,0
DA:27,0
DA:28,0
DA:30,0
DA:35,0
LF:12
LH:0
BRDA:16,0,0,0
BRDA:16,0,1,0
BRDA:27,1,0,0
BRDA:27,1,1,0
BRF:4
BRH:0
end_of_record
TN:
SF:src\application\services\UserService.ts
FN:9,(anonymous_0)
FN:13,(anonymous_1)
FN:34,(anonymous_2)
FN:38,(anonymous_3)
FNF:4
FNH:0
FNDA:0,(anonymous_0)
FNDA:0,(anonymous_1)
FNDA:0,(anonymous_2)
FNDA:0,(anonymous_3)
DA:1,0
DA:6,0
DA:10,0
DA:15,0
DA:16,0
DA:18,0
DA:20,0
DA:21,0
DA:28,0
DA:31,0
DA:35,0
DA:39,0
LF:12
LH:0
BRDA:15,0,0,0
BRDA:20,1,0,0
BRF:2
BRH:0
end_of_record
TN:
SF:src\application\services\UserSettingsService.ts
FN:6,(anonymous_0)
FN:19,(anonymous_1)
FN:32,(anonymous_2)
FN:42,(anonymous_3)
FNF:4
FNH:0
FNDA:0,(anonymous_0)
FNDA:0,(anonymous_1)
FNDA:0,(anonymous_2)
FNDA:0,(anonymous_3)
DA:2,0
DA:4,0
DA:7,0
DA:9,0
DA:12,0
DA:13,0
DA:16,0
DA:20,0
DA:22,0
DA:28,0
DA:29,0
DA:33,0
DA:35,0
DA:43,0
DA:45,0
LF:15
LH:0
BRDA:12,0,0,0
BRF:1
BRH:0
end_of_record
TN:
SF:src\application\services\index.ts
FN:1,(anonymous_0)
FN:2,(anonymous_1)
FN:3,(anonymous_2)
FN:4,(anonymous_3)
FN:5,(anonymous_4)
FN:6,(anonymous_5)
FNF:6
FNH:0
FNDA:0,(anonymous_0)
FNDA:0,(anonymous_1)
FNDA:0,(anonymous_2)
FNDA:0,(anonymous_3)
FNDA:0,(anonymous_4)
FNDA:0,(anonymous_5)
DA:1,0
DA:2,0
DA:3,0
DA:4,0
DA:5,0
DA:6,0
LF:6
LH:0
BRF:0
BRH:0
end_of_record
TN:
SF:src\config\ConfigService.ts
FN:7,(anonymous_0)
FN:18,(anonymous_1)
FNF:2
FNH:0
FNDA:0,(anonymous_0)
FNDA:0,(anonymous_1)
DA:2,0
DA:4,0
DA:8,0
DA:9,0
DA:10,0
DA:12,0
DA:13,0
DA:15,0
DA:19,0
DA:20,0
DA:21,0
DA:23,0
LF:12
LH:0
BRDA:9,0,0,0
BRDA:12,1,0,0
BRDA:20,2,0,0
BRF:3
BRH:0
end_of_record
TN:
SF:src\config\MongoDbService.ts
FN:9,(anonymous_1)
FN:11,(anonymous_2)
FN:27,(anonymous_3)
FN:32,(anonymous_4)
FNF:4
FNH:0
FNDA:0,(anonymous_1)
FNDA:0,(anonymous_2)
FNDA:0,(anonymous_3)
FNDA:0,(anonymous_4)
DA:1,0
DA:3,0
DA:5,0
DA:9,0
DA:12,0
DA:14,0
DA:17,0
DA:18,0
DA:19,0
DA:20,0
DA:23,0
DA:24,0
DA:28,0
DA:29,0
DA:33,0
DA:36,0
DA:37,0
DA:40,0
DA:41,0
DA:42,0
DA:43,0
LF:21
LH:0
BRDA:12,0,0,0
BRDA:28,1,0,0
BRDA:33,2,0,0
BRF:3
BRH:0
end_of_record
TN:
SF:src\infrastructure\clients\FileStorageClient.ts
FN:8,(anonymous_9)
FN:10,(anonymous_10)
FN:13,(anonymous_11)
FN:17,(anonymous_12)
FN:23,(anonymous_13)
FN:28,(anonymous_14)
FNF:6
FNH:6
FNDA:10,(anonymous_9)
FNDA:1,(anonymous_10)
FNDA:10,(anonymous_11)
FNDA:2,(anonymous_12)
FNDA:2,(anonymous_13)
FNDA:3,(anonymous_14)
DA:2,1
DA:3,1
DA:5,1
DA:9,10
DA:10,10
DA:14,10
DA:18,2
DA:19,2
DA:20,1
DA:24,2
DA:25,2
DA:29,3
DA:30,3
DA:31,3
DA:33,2
DA:34,1
LF:16
LH:16
BRDA:8,0,0,9
BRDA:33,1,0,1
BRF:2
BRH:2
end_of_record
TN:
SF:src\infrastructure\clients\GeminiClient.ts
FN:9,(anonymous_0)
FN:18,(anonymous_1)
FN:55,(anonymous_2)
FNF:3
FNH:3
FNDA:9,(anonymous_0)
FNDA:4,(anonymous_1)
FNDA:3,(anonymous_2)
DA:1,1
DA:4,1
DA:10,9
DA:11,1
DA:13,8
DA:14,8
DA:15,8
DA:19,4
DA:20,4
DA:39,4
DA:44,3
DA:45,1
DA:47,2
DA:48,2
DA:50,2
DA:51,2
DA:56,3
DA:84,3
DA:95,3
DA:101,3
DA:103,3
DA:104,3
DA:105,2
DA:106,2
DA:107,2
DA:111,3
DA:112,2
DA:115,1
LF:28
LH:28
BRDA:10,0,0,1
BRDA:44,1,0,1
BRDA:44,2,0,3
BRDA:44,2,1,3
BRDA:44,2,2,3
BRDA:44,2,3,2
BRDA:44,2,4,2
BRDA:104,3,0,2
BRDA:106,4,0,2
BRDA:106,4,1,0
BRDA:111,5,0,2
BRF:11
BRH:10
end_of_record
TN:
SF:src\infrastructure\clients\QueueClient.ts
FN:5,(anonymous_0)
FN:6,(anonymous_1)
FN:9,(anonymous_2)
FNF:3
FNH:3
FNDA:6,(anonymous_0)
FNDA:1,(anonymous_1)
FNDA:2,(anonymous_2)
DA:4,1
DA:7,1
DA:10,2
LF:3
LH:3
BRF:0
BRH:0
end_of_record
TN:
SF:src\infrastructure\middleware\AdminMiddleware.ts
FN:6,(anonymous_0)
FN:9,(anonymous_1)
FN:18,(anonymous_2)
FN:27,(anonymous_3)
FN:39,(anonymous_4)
FN:48,(anonymous_5)
FNF:6
FNH:0
FNDA:0,(anonymous_0)
FNDA:0,(anonymous_1)
FNDA:0,(anonymous_2)
FNDA:0,(anonymous_3)
FNDA:0,(anonymous_4)
FNDA:0,(anonymous_5)
DA:3,0
DA:5,0
DA:6,0
DA:10,0
DA:11,0
DA:13,0
DA:14,0
DA:19,0
DA:20,0
DA:22,0
DA:23,0
DA:28,0
DA:30,0
DA:31,0
DA:32,0
DA:35,0
DA:40,0
DA:41,0
DA:43,0
DA:44,0
DA:49,0
DA:51,0
DA:52,0
DA:53,0
DA:56,0
LF:25
LH:0
BRDA:11,0,0,0
BRDA:14,1,0,0
BRDA:14,1,1,0
BRDA:14,1,2,0
BRDA:20,2,0,0
BRDA:23,3,0,0
BRDA:23,3,1,0
BRDA:30,4,0,0
BRDA:41,5,0,0
BRDA:44,6,0,0
BRDA:44,6,1,0
BRDA:51,7,0,0
BRF:12
BRH:0
end_of_record
TN:
SF:src\infrastructure\middleware\index.ts
FN:1,(anonymous_0)
FNF:1
FNH:0
FNDA:0,(anonymous_0)
DA:1,0
LF:1
LH:0
BRF:0
BRH:0
end_of_record
TN:
SF:src\infrastructure\repositories\ArticleRepository.ts
FN:5,(anonymous_0)
FN:10,(anonymous_1)
FN:14,(anonymous_2)
FN:21,(anonymous_3)
FN:25,(anonymous_4)
FN:29,(anonymous_5)
FN:33,(anonymous_6)
FN:38,(anonymous_7)
FN:40,(anonymous_8)
FN:43,(anonymous_9)
FN:54,(anonymous_10)
FN:63,(anonymous_11)
FN:67,(anonymous_12)
FNF:13
FNH:13
FNDA:1,(anonymous_0)
FNDA:2,(anonymous_1)
FNDA:1,(anonymous_2)
FNDA:1,(anonymous_3)
FNDA:1,(anonymous_4)
FNDA:1,(anonymous_5)
FNDA:2,(anonymous_6)
FNDA:2,(anonymous_7)
FNDA:4,(anonymous_8)
FNDA:4,(anonymous_9)
FNDA:1,(anonymous_10)
FNDA:1,(anonymous_11)
FNDA:2,(anonymous_12)
DA:1,1
DA:4,1
DA:6,1
DA:7,1
DA:11,2
DA:15,1
DA:22,1
DA:26,1
DA:30,1
DA:34,2
DA:35,2
DA:39,2
DA:40,4
DA:43,2
DA:44,4
DA:47,2
DA:48,0
DA:51,2
DA:55,1
DA:64,1
DA:68,2
DA:69,2
DA:71,2
DA:75,2
LF:24
LH:23
BRDA:44,0,0,4
BRDA:44,0,1,4
BRDA:47,1,0,0
BRDA:67,2,0,1
BRDA:75,3,0,2
BRDA:75,3,1,0
BRF:6
BRH:4
end_of_record
TN:
SF:src\infrastructure\repositories\PodcastRepository.ts
FN:6,(anonymous_0)
FN:11,(anonymous_1)
FN:15,(anonymous_2)
FN:19,(anonymous_3)
FN:23,(anonymous_4)
FN:27,(anonymous_5)
FNF:6
FNH:6
FNDA:1,(anonymous_0)
FNDA:2,(anonymous_1)
FNDA:1,(anonymous_2)
FNDA:1,(anonymous_3)
FNDA:1,(anonymous_4)
FNDA:2,(anonymous_5)
DA:1,1
DA:5,1
DA:7,1
DA:8,1
DA:12,2
DA:16,1
DA:20,1
DA:24,1
DA:28,2
DA:29,2
LF:10
LH:10
BRF:0
BRH:0
end_of_record
TN:
SF:src\infrastructure\repositories\SubscriptionRepository.ts
FN:6,(anonymous_0)
FN:10,(anonymous_1)
FN:15,(anonymous_2)
FN:20,(anonymous_3)
FN:25,(anonymous_4)
FN:29,(anonymous_5)
FN:33,(anonymous_6)
FN:37,(anonymous_7)
FNF:8
FNH:8
FNDA:1,(anonymous_0)
FNDA:1,(anonymous_1)
FNDA:2,(anonymous_2)
FNDA:2,(anonymous_3)
FNDA:1,(anonymous_4)
FNDA:1,(anonymous_5)
FNDA:1,(anonymous_6)
FNDA:2,(anonymous_7)
DA:1,1
DA:3,1
DA:5,1
DA:7,1
DA:11,1
DA:12,1
DA:16,2
DA:17,2
DA:21,2
DA:22,2
DA:26,1
DA:30,1
DA:34,1
DA:38,2
LF:14
LH:14
BRF:0
BRH:0
end_of_record
TN:
SF:src\infrastructure\repositories\TopicRepository.ts
FN:5,(anonymous_0)
FN:9,(anonymous_1)
FN:13,(anonymous_2)
FN:23,(anonymous_3)
FN:27,(anonymous_4)
FN:32,(anonymous_5)
FN:36,(anonymous_6)
FNF:7
FNH:7
FNDA:1,(anonymous_0)
FNDA:1,(anonymous_1)
FNDA:2,(anonymous_2)
FNDA:1,(anonymous_3)
FNDA:2,(anonymous_4)
FNDA:4,(anonymous_5)
FNDA:1,(anonymous_6)
DA:1,1
DA:4,1
DA:6,1
DA:10,1
DA:14,2
DA:15,2
DA:16,1
DA:19,1
DA:20,1
DA:24,1
DA:28,2
DA:29,2
DA:33,4
DA:37,1
LF:14
LH:14
BRDA:15,0,0,1
BRF:1
BRH:1
end_of_record
TN:
SF:src\infrastructure\repositories\UserRepository.ts
FN:5,(anonymous_0)
FN:9,(anonymous_1)
FN:14,(anonymous_2)
FN:18,(anonymous_3)
FN:22,(anonymous_4)
FN:27,(anonymous_5)
FN:31,(anonymous_6)
FN:35,(anonymous_7)
FN:39,(anonymous_8)
FN:43,(anonymous_9)
FN:47,(anonymous_10)
FNF:11
FNH:11
FNDA:2,(anonymous_0)
FNDA:1,(anonymous_1)
FNDA:1,(anonymous_2)
FNDA:1,(anonymous_3)
FNDA:2,(anonymous_4)
FNDA:1,(anonymous_5)
FNDA:1,(anonymous_6)
FNDA:1,(anonymous_7)
FNDA:1,(anonymous_8)
FNDA:1,(anonymous_9)
FNDA:1,(anonymous_10)
DA:1,1
DA:4,1
DA:6,2
DA:10,1
DA:11,1
DA:15,1
DA:19,1
DA:23,2
DA:24,2
DA:28,1
DA:32,1
DA:36,1
DA:40,1
DA:44,1
DA:48,1
LF:15
LH:15
BRF:0
BRH:0
end_of_record
TN:
SF:src\infrastructure\repositories\index.ts
FN:1,(anonymous_0)
FN:3,(anonymous_1)
FN:5,(anonymous_2)
FN:7,(anonymous_3)
FN:9,(anonymous_4)
FNF:5
FNH:0
FNDA:0,(anonymous_0)
FNDA:0,(anonymous_1)
FNDA:0,(anonymous_2)
FNDA:0,(anonymous_3)
FNDA:0,(anonymous_4)
DA:1,0
DA:3,0
DA:5,0
DA:7,0
DA:9,0
LF:5
LH:0
BRF:0
BRH:0
end_of_record
TN:
SF:src\infrastructure\strategies\RssSource.ts
FN:10,(anonymous_0)
FN:15,(anonymous_1)
FN:30,(anonymous_2)
FN:31,(anonymous_3)
FN:44,(anonymous_4)
FN:48,(anonymous_5)
FN:52,(anonymous_6)
FNF:7
FNH:0
FNDA:0,(anonymous_0)
FNDA:0,(anonymous_1)
FNDA:0,(anonymous_2)
FNDA:0,(anonymous_3)
FNDA:0,(anonymous_4)
FNDA:0,(anonymous_5)
FNDA:0,(anonymous_6)
DA:6,0
DA:11,0
DA:12,0
DA:16,0
DA:17,0
DA:18,0
DA:19,0
DA:22,0
DA:23,0
DA:25,0
DA:26,0
DA:31,0
DA:32,0
DA:45,0
DA:49,0
DA:53,0
LF:16
LH:0
BRDA:10,0,0,0
BRDA:18,1,0,0
BRDA:34,2,0,0
BRDA:34,2,1,0
BRDA:37,3,0,0
BRDA:37,3,1,0
BRF:6
BRH:0
end_of_record
TN:
SF:src\infrastructure\strategies\index.ts
FN:2,(anonymous_0)
FNF:1
FNH:0
FNDA:0,(anonymous_0)
DA:2,0
LF:1
LH:0
BRF:0
BRH:0
end_of_record
TN:
SF:src\migrations\add-user-roles.ts
FN:8,migrateUserRoles
FN:18,(anonymous_1)
FN:24,(anonymous_2)
FN:24,(anonymous_3)
FN:83,(anonymous_4)
FN:84,(anonymous_5)
FNF:6
FNH:0
FNDA:0,migrateUserRoles
FNDA:0,(anonymous_1)
FNDA:0,(anonymous_2)
FNDA:0,(anonymous_3)
FNDA:0,(anonymous_4)
FNDA:0,(anonymous_5)
DA:1,0
DA:2,0
DA:9,0
DA:10,0
DA:14,0
DA:15,0
DA:18,0
DA:19,0
DA:20,0
DA:24,0
DA:26,0
DA:28,0
DA:29,0
DA:30,0
DA:32,0
DA:33,0
DA:36,0
DA:46,0
DA:49,0
DA:50,0
DA:55,0
DA:56,0
DA:60,0
DA:61,0
DA:66,0
DA:67,0
DA:70,0
DA:72,0
DA:73,0
DA:75,0
DA:76,0
DA:81,0
DA:82,0
DA:83,0
DA:85,0
DA:86,0
DA:90,0
LF:37
LH:0
BRDA:18,0,0,0
BRDA:18,0,1,0
BRDA:19,1,0,0
BRDA:24,2,0,0
BRDA:24,2,1,0
BRDA:49,3,0,0
BRDA:60,4,0,0
BRDA:81,5,0,0
BRF:8
BRH:0
end_of_record
TN:
SF:src\migrations\remove-telegram-id-index.ts
FN:4,removeTelegramIdIndex
FN:46,(anonymous_1)
FN:47,(anonymous_2)
FNF:3
FNH:0
FNDA:0,removeTelegramIdIndex
FNDA:0,(anonymous_1)
FNDA:0,(anonymous_2)
DA:1,0
DA:2,0
DA:5,0
DA:6,0
DA:8,0
DA:10,0
DA:11,0
DA:12,0
DA:14,0
DA:15,0
DA:18,0
DA:19,0
DA:22,0
DA:23,0
DA:24,0
DA:26,0
DA:30,0
DA:31,0
DA:33,0
DA:35,0
DA:36,0
DA:38,0
DA:39,0
DA:44,0
DA:45,0
DA:46,0
DA:48,0
DA:49,0
DA:53,0
LF:29
LH:0
BRDA:44,0,0,0
BRF:1
BRH:0
end_of_record
TN:
SF:src\models\Article.ts
FNF:0
FNH:0
DA:1,2
DA:13,2
DA:50,2
LF:3
LH:3
BRF:0
BRH:0
end_of_record
TN:
SF:src\models\Podcast.ts
FN:3,(anonymous_0)
FNF:1
FNH:1
FNDA:2,(anonymous_0)
DA:1,2
DA:3,2
DA:4,2
DA:5,2
DA:6,2
DA:7,2
DA:18,2
DA:46,2
LF:8
LH:8
BRDA:3,0,0,2
BRDA:3,0,1,2
BRF:2
BRH:2
end_of_record
TN:
SF:src\models\Subscription.ts
FNF:0
FNH:0
DA:1,2
DA:10,2
DA:31,2
DA:32,2
DA:34,2
LF:5
LH:5
BRF:0
BRH:0
end_of_record
TN:
SF:src\models\Topic.ts
FNF:0
FNH:0
DA:1,2
DA:8,2
DA:21,2
LF:3
LH:3
BRF:0
BRH:0
end_of_record
TN:
SF:src\models\User.ts
FN:3,(anonymous_0)
FNF:1
FNH:1
FNDA:2,(anonymous_0)
DA:1,2
DA:3,2
DA:4,2
DA:5,2
DA:6,2
DA:17,2
DA:41,2
LF:7
LH:7
BRDA:3,0,0,2
BRDA:3,0,1,2
BRF:2
BRH:2
end_of_record
TN:
SF:src\models\UserSettings.ts
FN:3,(anonymous_9)
FNF:1
FNH:1
FNDA:1,(anonymous_9)
DA:1,1
DA:3,1
DA:4,1
DA:5,1
DA:6,1
DA:7,1
DA:8,1
DA:19,1
DA:31,1
LF:9
LH:9
BRDA:3,0,0,1
BRDA:3,0,1,1
BRF:2
BRH:2
end_of_record
TN:
SF:src\models\index.ts
FN:1,(anonymous_0)
FN:1,(anonymous_1)
FN:2,(anonymous_2)
FN:3,(anonymous_3)
FN:4,(anonymous_4)
FN:5,(anonymous_5)
FN:5,(anonymous_6)
FN:6,(anonymous_7)
FN:6,(anonymous_8)
FNF:9
FNH:0
FNDA:0,(anonymous_0)
FNDA:0,(anonymous_1)
FNDA:0,(anonymous_2)
FNDA:0,(anonymous_3)
FNDA:0,(anonymous_4)
FNDA:0,(anonymous_5)
FNDA:0,(anonymous_6)
FNDA:0,(anonymous_7)
FNDA:0,(anonymous_8)
DA:1,0
DA:2,0
DA:3,0
DA:4,0
DA:5,0
DA:6,0
LF:6
LH:0
BRF:0
BRH:0
end_of_record
TN:
SF:src\presentation\telegram\TelegramController.ts
FN:10,(anonymous_0)
FN:16,(anonymous_1)
FN:20,(anonymous_2)
FN:27,(anonymous_3)
FN:29,(anonymous_4)
FN:32,(anonymous_5)
FN:36,(anonymous_6)
FN:38,(anonymous_7)
FN:54,(anonymous_8)
FNF:9
FNH:0
FNDA:0,(anonymous_0)
FNDA:0,(anonymous_1)
FNDA:0,(anonymous_2)
FNDA:0,(anonymous_3)
FNDA:0,(anonymous_4)
FNDA:0,(anonymous_5)
FNDA:0,(anonymous_6)
FNDA:0,(anonymous_7)
FNDA:0,(anonymous_8)
DA:1,0
DA:7,0
DA:11,0
DA:12,0
DA:13,0
DA:15,0
DA:16,0
DA:21,0
DA:23,0
DA:24,0
DA:28,0
DA:29,0
DA:31,0
DA:32,0
DA:38,0
DA:39,0
DA:40,0
DA:42,0
DA:50,0
DA:54,0
DA:56,0
DA:57,0
DA:58,0
DA:60,0
DA:68,0
LF:25
LH:0
BRDA:13,0,0,0
BRDA:56,1,0,0
BRDA:56,2,0,0
BRDA:56,2,1,0
BRF:4
BRH:0
end_of_record
TN:
SF:src\presentation\telegram\TelegramUI.ts
FN:4,(anonymous_0)
FN:12,(anonymous_1)
FN:19,(anonymous_2)
FN:23,(anonymous_3)
FN:27,(anonymous_4)
FNF:5
FNH:0
FNDA:0,(anonymous_0)
FNDA:0,(anonymous_1)
FNDA:0,(anonymous_2)
FNDA:0,(anonymous_3)
FNDA:0,(anonymous_4)
DA:1,0
DA:3,0
DA:5,0
DA:13,0
DA:20,0
DA:24,0
DA:28,0
LF:7
LH:0
BRDA:20,0,0,0
BRDA:20,0,1,0
BRF:2
BRH:0
end_of_record
TN:
SF:src\presentation\telegram\scenes\AdminBroadcastScene.ts
FN:20,(anonymous_0)
FN:30,(anonymous_1)
FN:34,(anonymous_2)
FN:44,(anonymous_3)
FN:45,(anonymous_4)
FN:73,(anonymous_5)
FN:89,(anonymous_6)
FN:105,(anonymous_7)
FN:114,(anonymous_8)
FN:122,(anonymous_9)
FN:134,(anonymous_10)
FN:143,(anonymous_11)
FN:153,(anonymous_12)
FN:162,(anonymous_13)
FN:167,(anonymous_14)
FN:188,(anonymous_15)
FN:192,(anonymous_16)
FN:194,(anonymous_17)
FN:214,(anonymous_18)
FN:239,(anonymous_19)
FN:256,(anonymous_20)
FN:257,(anonymous_21)
FN:291,(anonymous_22)
FN:306,(anonymous_23)
FN:309,(anonymous_24)
FN:309,(anonymous_25)
FN:316,(anonymous_26)
FN:316,(anonymous_27)
FN:317,(anonymous_28)
FN:329,(anonymous_29)
FN:340,(anonymous_30)
FN:362,(anonymous_31)
FN:377,(anonymous_32)
FN:384,(anonymous_33)
FNF:34
FNH:0
FNDA:0,(anonymous_0)
FNDA:0,(anonymous_1)
FNDA:0,(anonymous_2)
FNDA:0,(anonymous_3)
FNDA:0,(anonymous_4)
FNDA:0,(anonymous_5)
FNDA:0,(anonymous_6)
FNDA:0,(anonymous_7)
FNDA:0,(anonymous_8)
FNDA:0,(anonymous_9)
FNDA:0,(anonymous_10)
FNDA:0,(anonymous_11)
FNDA:0,(anonymous_12)
FNDA:0,(anonymous_13)
FNDA:0,(anonymous_14)
FNDA:0,(anonymous_15)
FNDA:0,(anonymous_16)
FNDA:0,(anonymous_17)
FNDA:0,(anonymous_18)
FNDA:0,(anonymous_19)
FNDA:0,(anonymous_20)
FNDA:0,(anonymous_21)
FNDA:0,(anonymous_22)
FNDA:0,(anonymous_23)
FNDA:0,(anonymous_24)
FNDA:0,(anonymous_25)
FNDA:0,(anonymous_26)
FNDA:0,(anonymous_27)
FNDA:0,(anonymous_28)
FNDA:0,(anonymous_29)
FNDA:0,(anonymous_30)
FNDA:0,(anonymous_31)
FNDA:0,(anonymous_32)
FNDA:0,(anonymous_33)
DA:2,0
DA:4,0
DA:16,0
DA:18,0
DA:21,0
DA:22,0
DA:23,0
DA:24,0
DA:26,0
DA:27,0
DA:31,0
DA:35,0
DA:36,0
DA:38,0
DA:39,0
DA:41,0
DA:45,0
DA:46,0
DA:47,0
DA:48,0
DA:49,0
DA:52,0
DA:53,0
DA:54,0
DA:55,0
DA:57,0
DA:73,0
DA:74,0
DA:75,0
DA:76,0
DA:77,0
DA:79,0
DA:85,0
DA:89,0
DA:90,0
DA:91,0
DA:92,0
DA:93,0
DA:95,0
DA:101,0
DA:105,0
DA:106,0
DA:107,0
DA:108,0
DA:110,0
DA:114,0
DA:115,0
DA:116,0
DA:117,0
DA:118,0
DA:119,0
DA:120,0
DA:122,0
DA:124,0
DA:130,0
DA:134,0
DA:135,0
DA:136,0
DA:137,0
DA:139,0
DA:143,0
DA:144,0
DA:145,0
DA:146,0
DA:147,0
DA:149,0
DA:153,0
DA:154,0
DA:155,0
DA:156,0
DA:158,0
DA:162,0
DA:163,0
DA:167,0
DA:168,0
DA:169,0
DA:171,0
DA:172,0
DA:175,0
DA:178,0
DA:179,0
DA:181,0
DA:182,0
DA:183,0
DA:184,0
DA:185,0
DA:186,0
DA:187,0
DA:188,0
DA:189,0
DA:190,0
DA:192,0
DA:193,0
DA:194,0
DA:195,0
DA:196,0
DA:199,0
DA:208,0
DA:214,0
DA:216,0
DA:219,0
DA:233,0
DA:234,0
DA:240,0
DA:241,0
DA:243,0
DA:244,0
DA:252,0
DA:255,0
DA:256,0
DA:257,0
DA:264,0
DA:265,0
DA:273,0
DA:276,0
DA:278,0
DA:286,0
DA:287,0
DA:292,0
DA:294,0
DA:295,0
DA:296,0
DA:299,0
DA:301,0
DA:302,0
DA:304,0
DA:305,0
DA:306,0
DA:307,0
DA:308,0
DA:309,0
DA:310,0
DA:312,0
DA:315,0
DA:316,0
DA:317,0
DA:320,0
DA:321,0
DA:323,0
DA:324,0
DA:325,0
DA:331,0
DA:333,0
DA:335,0
DA:336,0
DA:340,0
DA:343,0
DA:351,0
DA:352,0
DA:353,0
DA:355,0
DA:357,0
DA:358,0
DA:363,0
DA:364,0
DA:366,0
DA:376,0
DA:377,0
DA:379,0
DA:380,0
DA:381,0
DA:384,0
DA:385,0
DA:387,0
DA:395,0
DA:397,0
DA:398,0
LF:167
LH:0
BRDA:35,0,0,0
BRDA:38,1,0,0
BRDA:47,2,0,0
BRDA:171,3,0,0
BRDA:182,4,0,0
BRDA:182,4,1,0
BRDA:186,5,0,0
BRDA:186,5,1,0
BRDA:190,6,0,0
BRDA:190,7,0,0
BRDA:190,7,1,0
BRDA:195,8,0,0
BRDA:195,8,1,0
BRDA:196,9,0,0
BRDA:196,9,1,0
BRDA:196,9,2,0
BRDA:243,10,0,0
BRDA:256,11,0,0
BRDA:256,11,1,0
BRDA:264,12,0,0
BRDA:294,13,0,0
BRDA:304,14,0,0
BRDA:304,14,1,0
BRDA:307,15,0,0
BRDA:307,15,1,0
BRDA:310,16,0,0
BRDA:310,17,0,0
BRDA:310,17,1,0
BRDA:379,18,0,0
BRF:29
BRH:0
end_of_record
TN:
SF:src\presentation\telegram\scenes\AdminMenuScene.ts
FN:12,(anonymous_0)
FN:20,(anonymous_1)
FN:24,(anonymous_2)
FN:25,(anonymous_3)
FN:50,(anonymous_4)
FN:59,(anonymous_5)
FN:68,(anonymous_6)
FN:77,(anonymous_7)
FN:86,(anonymous_8)
FN:106,(anonymous_9)
FNF:10
FNH:0
FNDA:0,(anonymous_0)
FNDA:0,(anonymous_1)
FNDA:0,(anonymous_2)
FNDA:0,(anonymous_3)
FNDA:0,(anonymous_4)
FNDA:0,(anonymous_5)
FNDA:0,(anonymous_6)
FNDA:0,(anonymous_7)
FNDA:0,(anonymous_8)
FNDA:0,(anonymous_9)
DA:2,0
DA:4,0
DA:8,0
DA:10,0
DA:13,0
DA:14,0
DA:16,0
DA:17,0
DA:21,0
DA:25,0
DA:27,0
DA:28,0
DA:29,0
DA:30,0
DA:33,0
DA:50,0
DA:51,0
DA:52,0
DA:53,0
DA:55,0
DA:59,0
DA:60,0
DA:61,0
DA:62,0
DA:64,0
DA:68,0
DA:69,0
DA:70,0
DA:71,0
DA:73,0
DA:77,0
DA:78,0
DA:79,0
DA:80,0
DA:82,0
DA:86,0
DA:87,0
DA:88,0
DA:90,0
DA:92,0
DA:93,0
DA:95,0
DA:99,0
DA:101,0
DA:102,0
DA:106,0
DA:107,0
DA:108,0
DA:109,0
DA:111,0
LF:50
LH:0
BRDA:28,0,0,0
BRDA:92,1,0,0
BRDA:92,1,1,0
BRF:3
BRH:0
end_of_record
TN:
SF:src\presentation\telegram\scenes\AdminStatisticsScene.ts
FN:12,(anonymous_0)
FN:20,(anonymous_1)
FN:24,(anonymous_2)
FN:25,(anonymous_3)
FN:48,(anonymous_4)
FN:77,(anonymous_5)
FN:90,(anonymous_6)
FN:91,(anonymous_7)
FN:110,(anonymous_8)
FN:137,(anonymous_9)
FN:174,(anonymous_10)
FN:183,(anonymous_11)
FNF:12
FNH:0
FNDA:0,(anonymous_0)
FNDA:0,(anonymous_1)
FNDA:0,(anonymous_2)
FNDA:0,(anonymous_3)
FNDA:0,(anonymous_4)
FNDA:0,(anonymous_5)
FNDA:0,(anonymous_6)
FNDA:0,(anonymous_7)
FNDA:0,(anonymous_8)
FNDA:0,(anonymous_9)
FNDA:0,(anonymous_10)
FNDA:0,(anonymous_11)
DA:2,0
DA:4,0
DA:8,0
DA:10,0
DA:13,0
DA:14,0
DA:16,0
DA:17,0
DA:21,0
DA:25,0
DA:26,0
DA:27,0
DA:28,0
DA:29,0
DA:32,0
DA:48,0
DA:49,0
DA:50,0
DA:51,0
DA:54,0
DA:65,0
DA:72,0
DA:73,0
DA:77,0
DA:78,0
DA:79,0
DA:80,0
DA:83,0
DA:87,0
DA:88,0
DA:89,0
DA:90,0
DA:92,0
DA:95,0
DA:98,0
DA:105,0
DA:106,0
DA:110,0
DA:111,0
DA:112,0
DA:113,0
DA:116,0
DA:125,0
DA:132,0
DA:133,0
DA:137,0
DA:138,0
DA:139,0
DA:141,0
DA:148,0
DA:162,0
DA:169,0
DA:170,0
DA:174,0
DA:175,0
DA:176,0
DA:177,0
DA:179,0
DA:183,0
DA:184,0
DA:185,0
DA:186,0
DA:188,0
LF:63
LH:0
BRDA:27,0,0,0
BRDA:87,1,0,0
BRDA:87,1,1,0
BRDA:123,2,0,0
BRDA:123,2,1,0
BRF:5
BRH:0
end_of_record
TN:
SF:src\presentation\telegram\scenes\AdminTopicsScene.ts
FN:19,(anonymous_0)
FN:28,(anonymous_1)
FN:32,(anonymous_2)
FN:42,(anonymous_3)
FN:43,(anonymous_4)
FN:59,(anonymous_5)
FN:76,(anonymous_6)
FN:101,(anonymous_7)
FN:119,(anonymous_8)
FN:137,(anonymous_9)
FN:158,(anonymous_10)
FN:165,(anonymous_11)
FN:202,(anonymous_12)
FN:223,(anonymous_13)
FN:232,(anonymous_14)
FN:242,(anonymous_15)
FN:294,(anonymous_16)
FN:315,(anonymous_17)
FN:322,(anonymous_18)
FNF:19
FNH:0
FNDA:0,(anonymous_0)
FNDA:0,(anonymous_1)
FNDA:0,(anonymous_2)
FNDA:0,(anonymous_3)
FNDA:0,(anonymous_4)
FNDA:0,(anonymous_5)
FNDA:0,(anonymous_6)
FNDA:0,(anonymous_7)
FNDA:0,(anonymous_8)
FNDA:0,(anonymous_9)
FNDA:0,(anonymous_10)
FNDA:0,(anonymous_11)
FNDA:0,(anonymous_12)
FNDA:0,(anonymous_13)
FNDA:0,(anonymous_14)
FNDA:0,(anonymous_15)
FNDA:0,(anonymous_16)
FNDA:0,(anonymous_17)
FNDA:0,(anonymous_18)
DA:2,0
DA:4,0
DA:15,0
DA:17,0
DA:20,0
DA:21,0
DA:22,0
DA:24,0
DA:25,0
DA:29,0
DA:33,0
DA:34,0
DA:36,0
DA:37,0
DA:39,0
DA:43,0
DA:44,0
DA:45,0
DA:46,0
DA:47,0
DA:50,0
DA:51,0
DA:52,0
DA:53,0
DA:54,0
DA:56,0
DA:59,0
DA:60,0
DA:61,0
DA:62,0
DA:63,0
DA:64,0
DA:66,0
DA:72,0
DA:76,0
DA:77,0
DA:78,0
DA:79,0
DA:80,0
DA:81,0
DA:82,0
DA:84,0
DA:97,0
DA:101,0
DA:102,0
DA:103,0
DA:104,0
DA:105,0
DA:106,0
DA:107,0
DA:108,0
DA:110,0
DA:115,0
DA:119,0
DA:120,0
DA:121,0
DA:122,0
DA:123,0
DA:124,0
DA:125,0
DA:126,0
DA:128,0
DA:133,0
DA:137,0
DA:138,0
DA:139,0
DA:140,0
DA:142,0
DA:154,0
DA:158,0
DA:159,0
DA:160,0
DA:161,0
DA:164,0
DA:165,0
DA:166,0
DA:169,0
DA:171,0
DA:172,0
DA:181,0
DA:182,0
DA:183,0
DA:185,0
DA:186,0
DA:187,0
DA:195,0
DA:197,0
DA:198,0
DA:202,0
DA:205,0
DA:213,0
DA:216,0
DA:218,0
DA:219,0
DA:223,0
DA:224,0
DA:225,0
DA:226,0
DA:228,0
DA:232,0
DA:233,0
DA:234,0
DA:235,0
DA:237,0
DA:242,0
DA:243,0
DA:244,0
DA:246,0
DA:247,0
DA:248,0
DA:249,0
DA:250,0
DA:251,0
DA:252,0
DA:253,0
DA:254,0
DA:255,0
DA:256,0
DA:257,0
DA:258,0
DA:260,0
DA:261,0
DA:264,0
DA:265,0
DA:266,0
DA:267,0
DA:268,0
DA:269,0
DA:270,0
DA:271,0
DA:272,0
DA:274,0
DA:275,0
DA:277,0
DA:278,0
DA:279,0
DA:280,0
DA:281,0
DA:282,0
DA:283,0
DA:284,0
DA:286,0
DA:287,0
DA:295,0
DA:296,0
DA:298,0
DA:299,0
DA:310,0
DA:313,0
DA:315,0
DA:316,0
DA:317,0
DA:318,0
DA:322,0
DA:327,0
DA:328,0
DA:330,0
DA:335,0
DA:336,0
LF:159
LH:0
BRDA:33,0,0,0
BRDA:36,1,0,0
BRDA:45,2,0,0
BRDA:166,3,0,0
BRDA:166,3,1,0
BRDA:171,4,0,0
BRDA:171,4,1,0
BRDA:176,5,0,0
BRDA:176,5,1,0
BRDA:181,6,0,0
BRDA:246,7,0,0
BRDA:246,7,1,0
BRDA:247,8,0,0
BRDA:247,8,1,0
BRDA:251,9,0,0
BRDA:264,10,0,0
BRDA:265,11,0,0
BRDA:265,11,1,0
BRDA:277,12,0,0
BRDA:298,13,0,0
BRDA:317,14,0,0
BRDA:317,14,1,0
BRF:22
BRH:0
end_of_record
TN:
SF:src\presentation\telegram\scenes\AdminUsersScene.ts
FN:21,(anonymous_0)
FN:30,(anonymous_1)
FN:34,(anonymous_2)
FN:44,(anonymous_3)
FN:45,(anonymous_4)
FN:58,(anonymous_5)
FN:68,(anonymous_6)
FN:103,(anonymous_7)
FN:123,(anonymous_8)
FN:151,(anonymous_9)
FN:185,(anonymous_10)
FN:213,(anonymous_11)
FN:247,(anonymous_12)
FN:258,(anonymous_13)
FN:269,(anonymous_14)
FN:280,(anonymous_15)
FN:309,(anonymous_16)
FN:320,(anonymous_17)
FN:331,(anonymous_18)
FN:342,(anonymous_19)
FN:351,(anonymous_20)
FN:361,(anonymous_21)
FN:398,(anonymous_22)
FN:409,(anonymous_23)
FN:447,(anonymous_24)
FN:538,(anonymous_25)
FN:567,(anonymous_26)
FN:579,(anonymous_27)
FN:585,(anonymous_28)
FN:622,(anonymous_29)
FN:644,(anonymous_30)
FN:656,(anonymous_31)
FN:662,(anonymous_32)
FNF:33
FNH:0
FNDA:0,(anonymous_0)
FNDA:0,(anonymous_1)
FNDA:0,(anonymous_2)
FNDA:0,(anonymous_3)
FNDA:0,(anonymous_4)
FNDA:0,(anonymous_5)
FNDA:0,(anonymous_6)
FNDA:0,(anonymous_7)
FNDA:0,(anonymous_8)
FNDA:0,(anonymous_9)
FNDA:0,(anonymous_10)
FNDA:0,(anonymous_11)
FNDA:0,(anonymous_12)
FNDA:0,(anonymous_13)
FNDA:0,(anonymous_14)
FNDA:0,(anonymous_15)
FNDA:0,(anonymous_16)
FNDA:0,(anonymous_17)
FNDA:0,(anonymous_18)
FNDA:0,(anonymous_19)
FNDA:0,(anonymous_20)
FNDA:0,(anonymous_21)
FNDA:0,(anonymous_22)
FNDA:0,(anonymous_23)
FNDA:0,(anonymous_24)
FNDA:0,(anonymous_25)
FNDA:0,(anonymous_26)
FNDA:0,(anonymous_27)
FNDA:0,(anonymous_28)
FNDA:0,(anonymous_29)
FNDA:0,(anonymous_30)
FNDA:0,(anonymous_31)
FNDA:0,(anonymous_32)
DA:2,0
DA:4,0
DA:7,0
DA:16,0
DA:18,0
DA:19,0
DA:22,0
DA:23,0
DA:24,0
DA:26,0
DA:27,0
DA:31,0
DA:35,0
DA:36,0
DA:38,0
DA:39,0
DA:41,0
DA:45,0
DA:46,0
DA:47,0
DA:48,0
DA:49,0
DA:52,0
DA:53,0
DA:55,0
DA:58,0
DA:59,0
DA:60,0
DA:61,0
DA:62,0
DA:64,0
DA:68,0
DA:69,0
DA:70,0
DA:71,0
DA:72,0
DA:73,0
DA:76,0
DA:77,0
DA:78,0
DA:82,0
DA:83,0
DA:84,0
DA:87,0
DA:88,0
DA:90,0
DA:91,0
DA:93,0
DA:96,0
DA:98,0
DA:99,0
DA:103,0
DA:104,0
DA:105,0
DA:106,0
DA:108,0
DA:110,0
DA:111,0
DA:113,0
DA:116,0
DA:118,0
DA:119,0
DA:123,0
DA:124,0
DA:125,0
DA:126,0
DA:127,0
DA:130,0
DA:131,0
DA:132,0
DA:135,0
DA:136,0
DA:138,0
DA:139,0
DA:141,0
DA:144,0
DA:146,0
DA:147,0
DA:151,0
DA:152,0
DA:153,0
DA:154,0
DA:155,0
DA:158,0
DA:159,0
DA:160,0
DA:164,0
DA:165,0
DA:166,0
DA:169,0
DA:170,0
DA:172,0
DA:173,0
DA:175,0
DA:178,0
DA:180,0
DA:181,0
DA:185,0
DA:186,0
DA:187,0
DA:188,0
DA:189,0
DA:192,0
DA:193,0
DA:194,0
DA:197,0
DA:198,0
DA:200,0
DA:201,0
DA:203,0
DA:206,0
DA:208,0
DA:209,0
DA:213,0
DA:214,0
DA:215,0
DA:216,0
DA:217,0
DA:220,0
DA:221,0
DA:222,0
DA:226,0
DA:227,0
DA:228,0
DA:231,0
DA:232,0
DA:234,0
DA:235,0
DA:237,0
DA:240,0
DA:242,0
DA:243,0
DA:247,0
DA:248,0
DA:249,0
DA:250,0
DA:251,0
DA:253,0
DA:254,0
DA:258,0
DA:259,0
DA:260,0
DA:261,0
DA:262,0
DA:264,0
DA:265,0
DA:269,0
DA:270,0
DA:271,0
DA:272,0
DA:273,0
DA:275,0
DA:276,0
DA:280,0
DA:281,0
DA:282,0
DA:283,0
DA:285,0
DA:294,0
DA:296,0
DA:297,0
DA:299,0
DA:302,0
DA:304,0
DA:305,0
DA:309,0
DA:310,0
DA:311,0
DA:312,0
DA:313,0
DA:315,0
DA:316,0
DA:320,0
DA:321,0
DA:322,0
DA:323,0
DA:324,0
DA:325,0
DA:327,0
DA:331,0
DA:332,0
DA:333,0
DA:334,0
DA:335,0
DA:336,0
DA:338,0
DA:342,0
DA:343,0
DA:344,0
DA:345,0
DA:347,0
DA:351,0
DA:352,0
DA:353,0
DA:354,0
DA:356,0
DA:362,0
DA:363,0
DA:364,0
DA:366,0
DA:367,0
DA:368,0
DA:369,0
DA:370,0
DA:372,0
DA:373,0
DA:383,0
DA:386,0
DA:387,0
DA:388,0
DA:389,0
DA:390,0
DA:391,0
DA:392,0
DA:393,0
DA:394,0
DA:395,0
DA:396,0
DA:398,0
DA:399,0
DA:400,0
DA:401,0
DA:402,0
DA:404,0
DA:405,0
DA:406,0
DA:409,0
DA:410,0
DA:411,0
DA:412,0
DA:414,0
DA:415,0
DA:424,0
DA:425,0
DA:426,0
DA:428,0
DA:429,0
DA:431,0
DA:432,0
DA:435,0
DA:437,0
DA:442,0
DA:443,0
DA:448,0
DA:449,0
DA:451,0
DA:452,0
DA:453,0
DA:456,0
DA:457,0
DA:458,0
DA:459,0
DA:460,0
DA:462,0
DA:463,0
DA:464,0
DA:465,0
DA:466,0
DA:467,0
DA:468,0
DA:469,0
DA:472,0
DA:475,0
DA:482,0
DA:483,0
DA:486,0
DA:489,0
DA:491,0
DA:492,0
DA:493,0
DA:497,0
DA:498,0
DA:499,0
DA:501,0
DA:506,0
DA:507,0
DA:508,0
DA:509,0
DA:510,0
DA:511,0
DA:513,0
DA:518,0
DA:519,0
DA:522,0
DA:523,0
DA:526,0
DA:528,0
DA:533,0
DA:534,0
DA:539,0
DA:540,0
DA:541,0
DA:542,0
DA:543,0
DA:546,0
DA:550,0
DA:557,0
DA:562,0
DA:563,0
DA:568,0
DA:570,0
DA:572,0
DA:573,0
DA:574,0
DA:575,0
DA:579,0
DA:581,0
DA:582,0
DA:584,0
DA:585,0
DA:586,0
DA:588,0
DA:589,0
DA:600,0
DA:601,0
DA:605,0
DA:606,0
DA:608,0
DA:609,0
DA:610,0
DA:611,0
DA:613,0
DA:615,0
DA:616,0
DA:618,0
DA:622,0
DA:624,0
DA:625,0
DA:629,0
DA:637,0
DA:639,0
DA:640,0
DA:645,0
DA:647,0
DA:649,0
DA:650,0
DA:651,0
DA:652,0
DA:656,0
DA:658,0
DA:659,0
DA:661,0
DA:662,0
DA:663,0
DA:665,0
DA:666,0
DA:677,0
DA:678,0
DA:682,0
DA:683,0
DA:684,0
DA:685,0
DA:686,0
DA:689,0
DA:691,0
DA:692,0
DA:694,0
DA:697,0
DA:699,0
DA:702,0
DA:703,0
DA:712,0
LF:362
LH:0
BRDA:35,0,0,0
BRDA:38,1,0,0
BRDA:47,2,0,0
BRDA:76,3,0,0
BRDA:82,4,0,0
BRDA:82,5,0,0
BRDA:82,5,1,0
BRDA:82,5,2,0
BRDA:90,6,0,0
BRDA:90,6,1,0
BRDA:110,7,0,0
BRDA:110,7,1,0
BRDA:130,8,0,0
BRDA:138,9,0,0
BRDA:138,9,1,0
BRDA:158,10,0,0
BRDA:164,11,0,0
BRDA:172,12,0,0
BRDA:172,12,1,0
BRDA:192,13,0,0
BRDA:200,14,0,0
BRDA:200,14,1,0
BRDA:220,15,0,0
BRDA:226,16,0,0
BRDA:234,17,0,0
BRDA:234,17,1,0
BRDA:296,18,0,0
BRDA:296,18,1,0
BRDA:324,19,0,0
BRDA:324,19,1,0
BRDA:335,20,0,0
BRDA:335,20,1,0
BRDA:364,21,0,0
BRDA:364,21,1,0
BRDA:372,22,0,0
BRDA:401,23,0,0
BRDA:401,23,1,0
BRDA:402,24,0,0
BRDA:404,25,0,0
BRDA:404,25,1,0
BRDA:405,26,0,0
BRDA:405,26,1,0
BRDA:411,27,0,0
BRDA:411,27,1,0
BRDA:412,28,0,0
BRDA:414,29,0,0
BRDA:414,29,1,0
BRDA:417,30,0,0
BRDA:417,30,1,0
BRDA:425,31,0,0
BRDA:428,32,0,0
BRDA:431,33,0,0
BRDA:451,34,0,0
BRDA:460,35,0,0
BRDA:460,35,1,0
BRDA:464,36,0,0
BRDA:464,36,1,0
BRDA:467,37,0,0
BRDA:472,38,0,0
BRDA:472,38,1,0
BRDA:477,39,0,0
BRDA:477,39,1,0
BRDA:479,40,0,0
BRDA:479,40,1,0
BRDA:482,41,0,0
BRDA:489,42,0,0
BRDA:489,42,1,0
BRDA:489,43,0,0
BRDA:489,43,1,0
BRDA:491,44,0,0
BRDA:491,45,0,0
BRDA:491,45,1,0
BRDA:497,46,0,0
BRDA:498,47,0,0
BRDA:498,47,1,0
BRDA:506,48,0,0
BRDA:506,49,0,0
BRDA:506,49,1,0
BRDA:507,50,0,0
BRDA:507,50,1,0
BRDA:509,51,0,0
BRDA:509,51,1,0
BRDA:518,52,0,0
BRDA:522,53,0,0
BRDA:541,54,0,0
BRDA:546,55,0,0
BRDA:546,55,1,0
BRDA:572,56,0,0
BRDA:581,57,0,0
BRDA:581,58,0,0
BRDA:581,58,1,0
BRDA:581,58,2,0
BRDA:588,59,0,0
BRDA:610,60,0,0
BRDA:610,60,1,0
BRDA:615,61,0,0
BRDA:615,61,1,0
BRDA:649,62,0,0
BRDA:658,63,0,0
BRDA:658,64,0,0
BRDA:658,64,1,0
BRDA:658,64,2,0
BRDA:665,65,0,0
BRDA:683,66,0,0
BRDA:691,67,0,0
BRDA:691,67,1,0
BRDA:702,68,0,0
BRDA:702,68,1,0
BRDA:702,69,0,0
BRDA:702,69,1,0
BRF:110
BRH:0
end_of_record
TN:
SF:src\presentation\telegram\scenes\MySubscriptionsScene.ts
FN:12,(anonymous_0)
FN:20,(anonymous_1)
FN:24,(anonymous_2)
FN:25,(anonymous_3)
FN:46,(anonymous_4)
FN:49,(anonymous_5)
FN:50,(anonymous_6)
FN:71,(anonymous_7)
FN:95,(anonymous_8)
FN:105,(anonymous_9)
FN:115,(anonymous_10)
FNF:11
FNH:0
FNDA:0,(anonymous_0)
FNDA:0,(anonymous_1)
FNDA:0,(anonymous_2)
FNDA:0,(anonymous_3)
FNDA:0,(anonymous_4)
FNDA:0,(anonymous_5)
FNDA:0,(anonymous_6)
FNDA:0,(anonymous_7)
FNDA:0,(anonymous_8)
FNDA:0,(anonymous_9)
FNDA:0,(anonymous_10)
DA:4,0
DA:8,0
DA:10,0
DA:13,0
DA:14,0
DA:16,0
DA:17,0
DA:21,0
DA:25,0
DA:26,0
DA:27,0
DA:28,0
DA:30,0
DA:31,0
DA:42,0
DA:46,0
DA:48,0
DA:49,0
DA:50,0
DA:53,0
DA:54,0
DA:66,0
DA:69,0
DA:71,0
DA:85,0
DA:86,0
DA:95,0
DA:96,0
DA:97,0
DA:98,0
DA:99,0
DA:101,0
DA:105,0
DA:106,0
DA:107,0
DA:108,0
DA:109,0
DA:111,0
DA:115,0
DA:116,0
DA:117,0
DA:118,0
DA:119,0
DA:120,0
DA:122,0
LF:45
LH:0
BRDA:30,0,0,0
BRDA:53,1,0,0
BRF:2
BRH:0
end_of_record
TN:
SF:src\presentation\telegram\scenes\SettingsScene.ts
FN:12,(anonymous_0)
FN:19,(anonymous_1)
FN:23,(anonymous_2)
FN:34,(anonymous_3)
FN:63,(anonymous_4)
FN:64,(anonymous_5)
FN:80,(anonymous_6)
FN:108,(anonymous_7)
FN:134,(anonymous_8)
FN:164,(anonymous_9)
FN:193,(anonymous_10)
FN:228,(anonymous_11)
FNF:12
FNH:0
FNDA:0,(anonymous_0)
FNDA:0,(anonymous_1)
FNDA:0,(anonymous_2)
FNDA:0,(anonymous_3)
FNDA:0,(anonymous_4)
FNDA:0,(anonymous_5)
FNDA:0,(anonymous_6)
FNDA:0,(anonymous_7)
FNDA:0,(anonymous_8)
FNDA:0,(anonymous_9)
FNDA:0,(anonymous_10)
FNDA:0,(anonymous_11)
DA:4,0
DA:6,0
DA:8,0
DA:10,0
DA:13,0
DA:15,0
DA:16,0
DA:20,0
DA:24,0
DA:31,0
DA:35,0
DA:36,0
DA:38,0
DA:39,0
DA:40,0
DA:43,0
DA:44,0
DA:46,0
DA:64,0
DA:65,0
DA:66,0
DA:67,0
DA:69,0
DA:70,0
DA:80,0
DA:81,0
DA:82,0
DA:83,0
DA:84,0
DA:86,0
DA:103,0
DA:108,0
DA:109,0
DA:110,0
DA:111,0
DA:112,0
DA:114,0
DA:116,0
DA:129,0
DA:134,0
DA:135,0
DA:136,0
DA:137,0
DA:138,0
DA:140,0
DA:142,0
DA:159,0
DA:164,0
DA:165,0
DA:166,0
DA:167,0
DA:168,0
DA:170,0
DA:172,0
DA:188,0
DA:193,0
DA:194,0
DA:195,0
DA:196,0
DA:197,0
DA:199,0
DA:200,0
DA:201,0
DA:204,0
DA:205,0
DA:207,0
DA:223,0
DA:228,0
DA:229,0
DA:230,0
DA:231,0
DA:232,0
DA:233,0
DA:235,0
LF:74
LH:0
BRDA:31,0,0,0
BRDA:31,0,1,0
BRDA:38,1,0,0
BRDA:44,2,0,0
BRDA:44,2,1,0
BRDA:145,3,0,0
BRDA:145,3,1,0
BRDA:151,4,0,0
BRDA:151,4,1,0
BRDA:167,5,0,0
BRDA:167,5,1,0
BRDA:173,6,0,0
BRDA:173,6,1,0
BRDA:174,7,0,0
BRDA:174,7,1,0
BRDA:175,8,0,0
BRDA:175,8,1,0
BRDA:199,9,0,0
BRDA:205,10,0,0
BRDA:205,10,1,0
BRF:20
BRH:0
end_of_record
TN:
SF:src\presentation\telegram\scenes\StartScene.ts
FN:15,(anonymous_0)
FN:24,(anonymous_1)
FN:28,(anonymous_2)
FN:29,(anonymous_3)
FN:57,(anonymous_4)
FN:58,(anonymous_5)
FN:63,(anonymous_6)
FN:107,(anonymous_7)
FN:123,(anonymous_8)
FN:138,(anonymous_9)
FN:153,(anonymous_10)
FN:169,(anonymous_11)
FN:206,(anonymous_12)
FN:221,(anonymous_13)
FNF:14
FNH:0
FNDA:0,(anonymous_0)
FNDA:0,(anonymous_1)
FNDA:0,(anonymous_2)
FNDA:0,(anonymous_3)
FNDA:0,(anonymous_4)
FNDA:0,(anonymous_5)
FNDA:0,(anonymous_6)
FNDA:0,(anonymous_7)
FNDA:0,(anonymous_8)
FNDA:0,(anonymous_9)
FNDA:0,(anonymous_10)
FNDA:0,(anonymous_11)
FNDA:0,(anonymous_12)
FNDA:0,(anonymous_13)
DA:2,0
DA:4,0
DA:8,0
DA:11,0
DA:13,0
DA:16,0
DA:17,0
DA:18,0
DA:20,0
DA:21,0
DA:25,0
DA:29,0
DA:30,0
DA:31,0
DA:32,0
DA:34,0
DA:35,0
DA:37,0
DA:39,0
DA:42,0
DA:43,0
DA:44,0
DA:47,0
DA:50,0
DA:51,0
DA:52,0
DA:54,0
DA:56,0
DA:57,0
DA:58,0
DA:61,0
DA:62,0
DA:63,0
DA:66,0
DA:69,0
DA:70,0
DA:75,0
DA:84,0
DA:85,0
DA:86,0
DA:89,0
DA:104,0
DA:107,0
DA:108,0
DA:109,0
DA:110,0
DA:111,0
DA:113,0
DA:115,0
DA:116,0
DA:118,0
DA:123,0
DA:124,0
DA:125,0
DA:126,0
DA:127,0
DA:129,0
DA:130,0
DA:131,0
DA:133,0
DA:138,0
DA:139,0
DA:140,0
DA:141,0
DA:142,0
DA:144,0
DA:145,0
DA:146,0
DA:148,0
DA:153,0
DA:154,0
DA:155,0
DA:156,0
DA:157,0
DA:158,0
DA:160,0
DA:161,0
DA:162,0
DA:164,0
DA:169,0
DA:170,0
DA:171,0
DA:172,0
DA:202,0
DA:206,0
DA:207,0
DA:208,0
DA:209,0
DA:210,0
DA:212,0
DA:213,0
DA:214,0
DA:216,0
DA:221,0
DA:222,0
DA:223,0
DA:224,0
DA:225,0
DA:227,0
DA:228,0
DA:229,0
DA:231,0
LF:102
LH:0
BRDA:35,0,0,0
BRDA:42,1,0,0
BRDA:50,2,0,0
BRDA:50,3,0,0
BRDA:50,3,1,0
BRDA:54,4,0,0
BRDA:54,4,1,0
BRDA:61,5,0,0
BRDA:84,6,0,0
BRDA:84,7,0,0
BRDA:84,7,1,0
BRDA:85,8,0,0
BRDA:85,8,1,0
BRF:13
BRH:0
end_of_record
TN:
SF:src\presentation\telegram\scenes\SubscribeScene.ts
FN:14,(anonymous_0)
FN:22,(anonymous_1)
FN:27,(anonymous_2)
FN:28,(anonymous_3)
FN:48,(anonymous_4)
FN:49,(anonymous_5)
FN:52,(anonymous_6)
FN:59,(anonymous_7)
FN:71,(anonymous_8)
FN:83,(anonymous_9)
FN:86,(anonymous_10)
FN:109,(anonymous_11)
FN:157,(anonymous_12)
FN:158,(anonymous_13)
FN:163,(anonymous_14)
FNF:15
FNH:0
FNDA:0,(anonymous_0)
FNDA:0,(anonymous_1)
FNDA:0,(anonymous_2)
FNDA:0,(anonymous_3)
FNDA:0,(anonymous_4)
FNDA:0,(anonymous_5)
FNDA:0,(anonymous_6)
FNDA:0,(anonymous_7)
FNDA:0,(anonymous_8)
FNDA:0,(anonymous_9)
FNDA:0,(anonymous_10)
FNDA:0,(anonymous_11)
FNDA:0,(anonymous_12)
FNDA:0,(anonymous_13)
FNDA:0,(anonymous_14)
DA:4,0
DA:8,0
DA:10,0
DA:12,0
DA:15,0
DA:16,0
DA:18,0
DA:19,0
DA:23,0
DA:28,0
DA:29,0
DA:30,0
DA:32,0
DA:33,0
DA:43,0
DA:47,0
DA:48,0
DA:49,0
DA:52,0
DA:55,0
DA:56,0
DA:59,0
DA:68,0
DA:71,0
DA:72,0
DA:75,0
DA:77,0
DA:82,0
DA:83,0
DA:84,0
DA:85,0
DA:86,0
DA:89,0
DA:91,0
DA:99,0
DA:100,0
DA:109,0
DA:110,0
DA:111,0
DA:112,0
DA:113,0
DA:114,0
DA:117,0
DA:118,0
DA:119,0
DA:120,0
DA:121,0
DA:122,0
DA:126,0
DA:127,0
DA:128,0
DA:129,0
DA:130,0
DA:131,0
DA:132,0
DA:133,0
DA:134,0
DA:135,0
DA:137,0
DA:139,0
DA:143,0
DA:144,0
DA:145,0
DA:146,0
DA:149,0
DA:150,0
DA:153,0
DA:154,0
DA:155,0
DA:156,0
DA:157,0
DA:158,0
DA:161,0
DA:162,0
DA:163,0
DA:166,0
DA:169,0
DA:184,0
DA:185,0
DA:186,0
DA:187,0
DA:190,0
LF:82
LH:0
BRDA:32,0,0,0
BRDA:55,1,0,0
BRDA:82,2,0,0
BRDA:84,3,0,0
BRDA:117,4,0,0
BRDA:126,5,0,0
BRDA:143,6,0,0
BRDA:161,7,0,0
BRF:8
BRH:0
end_of_record
TN:
SF:src\presentation\telegram\scenes\UnsubscribeScene.ts
FN:13,(anonymous_0)
FN:21,(anonymous_1)
FN:25,(anonymous_2)
FN:26,(anonymous_3)
FN:46,(anonymous_4)
FN:47,(anonymous_5)
FN:63,(anonymous_6)
FN:71,(anonymous_7)
FN:90,(anonymous_8)
FN:120,(anonymous_9)
FN:133,(anonymous_10)
FN:146,(anonymous_11)
FNF:12
FNH:0
FNDA:0,(anonymous_0)
FNDA:0,(anonymous_1)
FNDA:0,(anonymous_2)
FNDA:0,(anonymous_3)
FNDA:0,(anonymous_4)
FNDA:0,(anonymous_5)
FNDA:0,(anonymous_6)
FNDA:0,(anonymous_7)
FNDA:0,(anonymous_8)
FNDA:0,(anonymous_9)
FNDA:0,(anonymous_10)
FNDA:0,(anonymous_11)
DA:4,0
DA:7,0
DA:9,0
DA:11,0
DA:14,0
DA:15,0
DA:17,0
DA:18,0
DA:22,0
DA:26,0
DA:27,0
DA:28,0
DA:29,0
DA:31,0
DA:32,0
DA:42,0
DA:45,0
DA:46,0
DA:47,0
DA:50,0
DA:51,0
DA:60,0
DA:63,0
DA:64,0
DA:67,0
DA:69,0
DA:71,0
DA:80,0
DA:81,0
DA:90,0
DA:91,0
DA:92,0
DA:93,0
DA:95,0
DA:96,0
DA:97,0
DA:110,0
DA:111,0
DA:112,0
DA:113,0
DA:115,0
DA:120,0
DA:121,0
DA:122,0
DA:123,0
DA:124,0
DA:125,0
DA:126,0
DA:127,0
DA:129,0
DA:133,0
DA:134,0
DA:135,0
DA:136,0
DA:137,0
DA:138,0
DA:139,0
DA:140,0
DA:142,0
DA:146,0
DA:147,0
DA:148,0
DA:149,0
DA:151,0
DA:152,0
DA:153,0
DA:155,0
LF:67
LH:0
BRDA:31,0,0,0
BRDA:50,1,0,0
BRF:2
BRH:0
end_of_record
TN:
SF:src\presentation\telegram\scenes\index.ts
FN:1,(anonymous_0)
FN:2,(anonymous_1)
FN:3,(anonymous_2)
FN:4,(anonymous_3)
FN:5,(anonymous_4)
FN:6,(anonymous_5)
FN:7,(anonymous_6)
FN:8,(anonymous_7)
FN:9,(anonymous_8)
FN:10,(anonymous_9)
FNF:10
FNH:0
FNDA:0,(anonymous_0)
FNDA:0,(anonymous_1)
FNDA:0,(anonymous_2)
FNDA:0,(anonymous_3)
FNDA:0,(anonymous_4)
FNDA:0,(anonymous_5)
FNDA:0,(anonymous_6)
FNDA:0,(anonymous_7)
FNDA:0,(anonymous_8)
FNDA:0,(anonymous_9)
DA:1,0
DA:2,0
DA:3,0
DA:4,0
DA:5,0
DA:6,0
DA:7,0
DA:8,0
DA:9,0
DA:10,0
LF:10
LH:0
BRF:0
BRH:0
end_of_record
